[    0.000000] Linux version 4.15.0-213-generic (buildd@lcy02-amd64-079) (gcc version 7.5.0 (Ubuntu 7.5.0-3ubuntu1~18.04)) #224-Ubuntu SMP Mon Jun 19 13:30:12 UTC 2023 (Ubuntu 4.15.0-213.224-generic 4.15.18)
[    0.000000] Command line: BOOT_IMAGE=/boot/vmlinuz-4.15.0-213-generic root=UUID=f685bb41-0e3b-40c4-89c1-eea0f0583525 ro console=tty1 console=ttyS0
[    0.000000] KERNEL supported cpus:
[    0.000000]   Intel GenuineIntel
[    0.000000]   AMD AuthenticAMD
[    0.000000]   Centaur CentaurHauls
[    0.000000] x86/fpu: x87 FPU will use FXSAVE
[    0.000000] e820: BIOS-provided physical RAM map:
[    0.000000] BIOS-e820: [mem 0x0000000000000000-0x000000000009fbff] usable
[    0.000000] BIOS-e820: [mem 0x000000000009fc00-0x000000000009ffff] reserved
[    0.000000] BIOS-e820: [mem 0x00000000000f0000-0x00000000000fffff] reserved
[    0.000000] BIOS-e820: [mem 0x0000000000100000-0x000000003ffeffff] usable
[    0.000000] BIOS-e820: [mem 0x000000003fff0000-0x000000003fffffff] ACPI data
[    0.000000] BIOS-e820: [mem 0x00000000fec00000-0x00000000fec00fff] reserved
[    0.000000] BIOS-e820: [mem 0x00000000fee00000-0x00000000fee00fff] reserved
[    0.000000] BIOS-e820: [mem 0x00000000fffc0000-0x00000000ffffffff] reserved
[    0.000000] NX (Execute Disable) protection: active
[    0.000000] SMBIOS 2.5 present.
[    0.000000] DMI: innotek GmbH VirtualBox/VirtualBox, BIOS VirtualBox 12/01/2006
[    0.000000] Hypervisor detected: KVM
[    0.000000] e820: last_pfn = 0x3fff0 max_arch_pfn = 0x400000000
[    0.000000] x86/PAT: Configuration [0-7]: WB  WC  UC- UC  WB  WP  UC- WT  
[    0.000000] CPU MTRRs all blank - virtualized system.
[    0.000000] found SMP MP-table at [mem 0x0009fbf0-0x0009fbff]
[    0.000000] Scanning 1 areas for low memory corruption
[    0.000000] RAMDISK: [mem 0x35819000-0x36c03fff]
[    0.000000] ACPI: Early table checksum verification disabled
[    0.000000] ACPI: RSDP 0x00000000000E0000 000024 (v02 VBOX  )
[    0.000000] ACPI: XSDT 0x000000003FFF0030 00003C (v01 VBOX   VBOXXSDT 00000001 ASL  00000061)
[    0.000000] ACPI: FACP 0x000000003FFF00F0 0000F4 (v04 VBOX   VBOXFACP 00000001 ASL  00000061)
[    0.000000] ACPI: DSDT 0x000000003FFF0610 002353 (v02 VBOX   VBOXBIOS 00000002 INTL 20100528)
[    0.000000] ACPI: FACS 0x000000003FFF0200 000040
[    0.000000] ACPI: FACS 0x000000003FFF0200 000040
[    0.000000] ACPI: APIC 0x000000003FFF0240 000054 (v02 VBOX   VBOXAPIC 00000001 ASL  00000061)
[    0.000000] ACPI: SSDT 0x000000003FFF02A0 00036C (v01 VBOX   VBOXCPUT 00000002 INTL 20100528)
[    0.000000] ACPI: Reserving FACP table memory at [mem 0x3fff00f0-0x3fff01e3]
[    0.000000] ACPI: Reserving DSDT table memory at [mem 0x3fff0610-0x3fff2962]
[    0.000000] ACPI: Reserving FACS table memory at [mem 0x3fff0200-0x3fff023f]
[    0.000000] ACPI: Reserving FACS table memory at [mem 0x3fff0200-0x3fff023f]
[    0.000000] ACPI: Reserving APIC table memory at [mem 0x3fff0240-0x3fff0293]
[    0.000000] ACPI: Reserving SSDT table memory at [mem 0x3fff02a0-0x3fff060b]
[    0.000000] No NUMA configuration found
[    0.000000] Faking a node at [mem 0x0000000000000000-0x000000003ffeffff]
[    0.000000] NODE_DATA(0) allocated [mem 0x3ffc5000-0x3ffeffff]
[    0.000000] kvm-clock: cpu 0, msr 0:3ff44001, primary cpu clock
[    0.000000] kvm-clock: Using msrs 4b564d01 and 4b564d00
[    0.000000] kvm-clock: using sched offset of 5359263181 cycles
[    0.000000] clocksource: kvm-clock: mask: 0xffffffffffffffff max_cycles: 0x1cd42e4dffb, max_idle_ns: 881590591483 ns
[    0.000000] Zone ranges:
[    0.000000]   DMA      [mem 0x0000000000001000-0x0000000000ffffff]
[    0.000000]   DMA32    [mem 0x0000000001000000-0x000000003ffeffff]
[    0.000000]   Normal   empty
[    0.000000]   Device   empty
[    0.000000] Movable zone start for each node
[    0.000000] Early memory node ranges
[    0.000000]   node   0: [mem 0x0000000000001000-0x000000000009efff]
[    0.000000]   node   0: [mem 0x0000000000100000-0x000000003ffeffff]
[    0.000000] Reserved but unavailable: 104 pages
[    0.000000] Initmem setup node 0 [mem 0x0000000000001000-0x000000003ffeffff]
[    0.000000] ACPI: PM-Timer IO Port: 0x4008
[    0.000000] IOAPIC[0]: apic_id 1, version 32, address 0xfec00000, GSI 0-23
[    0.000000] ACPI: INT_SRC_OVR (bus 0 bus_irq 0 global_irq 2 dfl dfl)
[    0.000000] ACPI: INT_SRC_OVR (bus 0 bus_irq 9 global_irq 9 low level)
[    0.000000] Using ACPI (MADT) for SMP configuration information
[    0.000000] smpboot: Allowing 1 CPUs, 0 hotplug CPUs
[    0.000000] PM: Registered nosave memory: [mem 0x00000000-0x00000fff]
[    0.000000] PM: Registered nosave memory: [mem 0x0009f000-0x0009ffff]
[    0.000000] PM: Registered nosave memory: [mem 0x000a0000-0x000effff]
[    0.000000] PM: Registered nosave memory: [mem 0x000f0000-0x000fffff]
[    0.000000] e820: [mem 0x40000000-0xfebfffff] available for PCI devices
[    0.000000] Booting paravirtualized kernel on KVM
[    0.000000] clocksource: refined-jiffies: mask: 0xffffffff max_cycles: 0xffffffff, max_idle_ns: 7645519600211568 ns
[    0.000000] setup_percpu: NR_CPUS:8192 nr_cpumask_bits:1 nr_cpu_ids:1 nr_node_ids:1
[    0.000000] percpu: Embedded 50 pages/cpu s167936 r8192 d28672 u2097152
[    0.000000] PV qspinlock hash table entries: 256 (order: 0, 4096 bytes)
[    0.000000] Built 1 zonelists, mobility grouping on.  Total pages: 257913
[    0.000000] Policy zone: DMA32
[    0.000000] Kernel command line: BOOT_IMAGE=/boot/vmlinuz-4.15.0-213-generic root=UUID=f685bb41-0e3b-40c4-89c1-eea0f0583525 ro console=tty1 console=ttyS0
[    0.000000] Memory: 981976K/1048120K available (12300K kernel code, 2477K rwdata, 4324K rodata, 2480K init, 2720K bss, 66144K reserved, 0K cma-reserved)
[    0.000000] SLUB: HWalign=64, Order=0-3, MinObjects=0, CPUs=1, Nodes=1
[    0.000000] ftrace: allocating 39508 entries in 155 pages
[    0.004000] Hierarchical RCU implementation.
[    0.004000] 	RCU restricting CPUs from NR_CPUS=8192 to nr_cpu_ids=1.
[    0.004000] 	Tasks RCU enabled.
[    0.004000] RCU: Adjusting geometry for rcu_fanout_leaf=16, nr_cpu_ids=1
[    0.004000] NR_IRQS: 524544, nr_irqs: 256, preallocated irqs: 16
[    0.004000] random: crng init done
[    0.004000] Console: colour VGA+ 80x25
[    0.004000] console [tty1] enabled
[    0.004000] console [ttyS0] enabled
[    0.004000] ACPI: Core revision 20170831
[    0.004000] ACPI: 2 ACPI AML tables successfully acquired and loaded
[    0.004000] APIC: Switch to symmetric I/O mode setup
[    0.008000] ..TIMER: vector=0x30 apic1=0 pin1=2 apic2=-1 pin2=-1
[    0.008007] tsc: Detected 1992.005 MHz processor
[    0.012015] Calibrating delay loop (skipped) preset value.. 3984.01 BogoMIPS (lpj=7968020)
[    0.016008] pid_max: default: 32768 minimum: 301
[    0.020140] Security Framework initialized
[    0.024010] Yama: becoming mindful.
[    0.028044] AppArmor: AppArmor initialized
[    0.036000] Dentry cache hash table entries: 131072 (order: 8, 1048576 bytes)
[    0.039512] Inode-cache hash table entries: 65536 (order: 7, 524288 bytes)
[    0.040161] Mount-cache hash table entries: 2048 (order: 2, 16384 bytes)
[    0.044137] Mountpoint-cache hash table entries: 2048 (order: 2, 16384 bytes)
[    0.052306] Last level iTLB entries: 4KB 64, 2MB 8, 4MB 8
[    0.056008] Last level dTLB entries: 4KB 64, 2MB 0, 4MB 0, 1GB 4
[    0.060008] Spectre V1 : Mitigation: usercopy/swapgs barriers and __user pointer sanitization
[    0.064011] Spectre V2 : Mitigation: Retpolines
[    0.068007] Spectre V2 : Spectre v2 / SpectreRSB mitigation: Filling RSB on context switch
[    0.072008] Spectre V2 : Spectre v2 / SpectreRSB : Filling RSB on VMEXIT
[    0.076008] RETBleed: WARNING: Spectre v2 mitigation leaves CPU vulnerable to RETBleed attacks, data leaks possible!
[    0.080009] RETBleed: Vulnerable
[    0.084010] Speculative Store Bypass: Vulnerable
[    0.088193] MDS: Mitigation: Clear CPU buffers
[    0.092006] MMIO Stale Data: Mitigation: Clear CPU buffers
[    0.096009] SRBDS: Unknown: Dependent on hypervisor status
[    0.108766] Freeing SMP alternatives memory: 36K
[    0.228005] APIC calibration not consistent with PM-Timer: 103ms instead of 100ms
[    0.232000] APIC delta adjusted to PM-Timer: 6286253 (6499329)
[    0.232600] smpboot: CPU0: Intel(R) Core(TM) i7-8565U CPU @ 1.80GHz (family: 0x6, model: 0x8e, stepping: 0xb)
[    0.237083] Performance Events: unsupported p6 CPU model 142 no PMU driver, software events only.
[    0.240137] Hierarchical SRCU implementation.
[    0.245314] NMI watchdog: Perf event create on CPU 0 failed with -2
[    0.248006] NMI watchdog: Perf NMI watchdog permanently disabled
[    0.252501] smp: Bringing up secondary CPUs ...
[    0.256007] smp: Brought up 1 node, 1 CPU
[    0.260005] smpboot: Max logical packages: 1
[    0.264007] smpboot: Total of 1 processors activated (3984.01 BogoMIPS)
[    0.274334] devtmpfs: initialized
[    0.276170] x86/mm: Memory block size: 128MB
[    0.280775] evm: security.selinux
[    0.288009] evm: security.SMACK64
[    0.292003] evm: security.SMACK64EXEC
[    0.296006] evm: security.SMACK64TRANSMUTE
[    0.300005] evm: security.SMACK64MMAP
[    0.304008] evm: security.apparmor
[    0.308003] evm: security.ima
[    0.316004] evm: security.capability
[    0.320699] clocksource: jiffies: mask: 0xffffffff max_cycles: 0xffffffff, max_idle_ns: 7645041785100000 ns
[    0.324020] futex hash table entries: 256 (order: 2, 16384 bytes)
[    0.328333] pinctrl core: initialized pinctrl subsystem
[    0.332653] RTC time: 13:06:23, date: 06/14/25
[    0.337357] NET: Registered protocol family 16
[    0.340225] audit: initializing netlink subsys (disabled)
[    0.345578] cpuidle: using governor ladder
[    0.348014] audit: type=2000 audit(1749906389.253:1): state=initialized audit_enabled=0 res=1
[    0.352014] cpuidle: using governor menu
[    0.356122] ACPI: bus type PCI registered
[    0.360008] acpiphp: ACPI Hot Plug PCI Controller Driver version: 0.5
[    0.368351] PCI: Using configuration type 1 for base access
[    0.376167] HugeTLB registered 2.00 MiB page size, pre-allocated 0 pages
[    0.381067] ACPI: Added _OSI(Module Device)
[    0.384014] ACPI: Added _OSI(Processor Device)
[    0.388006] ACPI: Added _OSI(3.0 _SCP Extensions)
[    0.392006] ACPI: Added _OSI(Processor Aggregator Device)
[    0.396021] ACPI: Added _OSI(Linux-Dell-Video)
[    0.400009] ACPI: Added _OSI(Linux-Lenovo-NV-HDMI-Audio)
[    0.404010] ACPI: Added _OSI(Linux-HPI-Hybrid-Graphics)
[    0.409564] ACPI: Executed 1 blocks of module-level executable AML code
[    0.422224] ACPI: Interpreter enabled
[    0.424025] ACPI: (supports S0 S5)
[    0.428006] ACPI: Using IOAPIC for interrupt routing
[    0.432808] PCI: Using host bridge windows from ACPI; if necessary, use "pci=nocrs" and report a bug
[    0.436455] ACPI: Enabled 2 GPEs in block 00 to 07
[    0.459174] ACPI: PCI Root Bridge [PCI0] (domain 0000 [bus 00-ff])
[    0.460015] acpi PNP0A03:00: _OSC: OS supports [ASPM ClockPM Segments MSI]
[    0.468051] acpi PNP0A03:00: _OSC: not requesting OS control; OS requires [ExtendedConfig ASPM ClockPM MSI]
[    0.472087] acpi PNP0A03:00: fail to add MMCONFIG information, can't access extended PCI configuration space under this bridge.
[    0.480530] PCI host bridge to bus 0000:00
[    0.484006] pci_bus 0000:00: root bus resource [io  0x0000-0x0cf7 window]
[    0.488009] pci_bus 0000:00: root bus resource [io  0x0d00-0xffff window]
[    0.492009] pci_bus 0000:00: root bus resource [mem 0x000a0000-0x000bffff window]
[    0.496009] pci_bus 0000:00: root bus resource [mem 0x40000000-0xfdffffff window]
[    0.500007] pci_bus 0000:00: root bus resource [bus 00-ff]
[    0.516353] pci 0000:00:01.1: legacy IDE quirk: reg 0x10: [io  0x01f0-0x01f7]
[    0.520009] pci 0000:00:01.1: legacy IDE quirk: reg 0x14: [io  0x03f6]
[    0.524008] pci 0000:00:01.1: legacy IDE quirk: reg 0x18: [io  0x0170-0x0177]
[    0.528008] pci 0000:00:01.1: legacy IDE quirk: reg 0x1c: [io  0x0376]
[    0.569230] pci 0000:00:07.0: quirk: [io  0x4000-0x403f] claimed by PIIX4 ACPI
[    0.572073] pci 0000:00:07.0: quirk: [io  0x4100-0x410f] claimed by PIIX4 SMB
[    0.593867] ACPI: PCI Interrupt Link [LNKA] (IRQs 5 9 10 *11)
[    0.600036] ACPI: PCI Interrupt Link [LNKB] (IRQs 5 9 *10 11)
[    0.604335] ACPI: PCI Interrupt Link [LNKC] (IRQs 5 *9 10 11)
[    0.612465] ACPI: PCI Interrupt Link [LNKD] (IRQs 5 9 10 *11)
[    0.617357] SCSI subsystem initialized
[    0.620481] pci 0000:00:02.0: vgaarb: setting as boot VGA device
[    0.624000] pci 0000:00:02.0: vgaarb: VGA device added: decodes=io+mem,owns=io+mem,locks=none
[    0.624012] pci 0000:00:02.0: vgaarb: bridge control possible
[    0.628008] vgaarb: loaded
[    0.632239] ACPI: bus type USB registered
[    0.636058] usbcore: registered new interface driver usbfs
[    0.640038] usbcore: registered new interface driver hub
[    0.644101] usbcore: registered new device driver usb
[    0.648455] EDAC MC: Ver: 3.0.0
[    0.654985] PCI: Using ACPI for IRQ routing
[    0.658179] NetLabel: Initializing
[    0.660008] NetLabel:  domain hash size = 128
[    0.664007] NetLabel:  protocols = UNLABELED CIPSOv4 CALIPSO
[    0.668237] NetLabel:  unlabeled traffic allowed by default
[    0.672348] clocksource: Switched to clocksource kvm-clock
[    0.752931] VFS: Disk quotas dquot_6.6.0
[    0.768368] VFS: Dquot-cache hash table entries: 512 (order 0, 4096 bytes)
[    0.780280] AppArmor: AppArmor Filesystem Enabled
[    0.788972] pnp: PnP ACPI init
[    0.798685] pnp: PnP ACPI: found 3 devices
[    0.815360] clocksource: acpi_pm: mask: 0xffffff max_cycles: 0xffffff, max_idle_ns: 2085701024 ns
[    0.829202] NET: Registered protocol family 2
[    0.840582] IP idents hash table entries: 16384 (order: 5, 131072 bytes)
[    0.851202] TCP established hash table entries: 8192 (order: 4, 65536 bytes)
[    0.863955] TCP bind hash table entries: 8192 (order: 5, 131072 bytes)
[    0.876232] TCP: Hash tables configured (established 8192 bind 8192)
[    0.891192] UDP hash table entries: 512 (order: 2, 16384 bytes)
[    0.901706] UDP-Lite hash table entries: 512 (order: 2, 16384 bytes)
[    0.911661] NET: Registered protocol family 1
[    0.918814] pci 0000:00:00.0: Limiting direct PCI/PCI transfers
[    0.930014] pci 0000:00:01.0: Activating ISA DMA hang workarounds
[    0.939587] pci 0000:00:02.0: Video device with shadowed ROM at [mem 0x000c0000-0x000dffff]
[    0.953283] Unpacking initramfs...
[    2.008727] Freeing initrd memory: 20396K
[    2.016916] clocksource: tsc: mask: 0xffffffffffffffff max_cycles: 0x396d5b41a85, max_idle_ns: 881590480540 ns
[    2.034696] platform rtc_cmos: registered platform RTC device (no PNP device found)
[    2.047763] Scanning for low memory corruption every 60 seconds
[    2.061900] Initialise system trusted keyrings
[    2.070453] Key type blacklist registered
[    2.078346] workingset: timestamp_bits=36 max_order=18 bucket_order=0
[    2.092886] zbud: loaded
[    2.099753] squashfs: version 4.0 (2009/01/31) Phillip Lougher
[    2.112555] fuse init (API version 7.26)
[    2.123976] Key type asymmetric registered
[    2.132855] Asymmetric key parser 'x509' registered
[    2.141719] Block layer SCSI generic (bsg) driver version 0.4 loaded (major 246)
[    2.153303] io scheduler noop registered
[    2.160823] io scheduler deadline registered
[    2.168419] io scheduler cfq registered (default)
[    2.178150] ACPI: AC Adapter [AC] (on-line)
[    2.184935] input: Power Button as /devices/LNXSYSTM:00/LNXPWRBN:00/input/input0
[    2.199218] ACPI: Power Button [PWRF]
[    2.205675] input: Sleep Button as /devices/LNXSYSTM:00/LNXSLPBN:00/input/input1
[    2.218552] ACPI: Sleep Button [SLPF]
[    2.227925] ACPI: Battery Slot [BAT0] (battery present)
[    2.237047] Serial: 8250/16550 driver, 32 ports, IRQ sharing enabled
[    2.285778] 00:02: ttyS0 at I/O 0x3f8 (irq = 4, base_baud = 115200) is a 16550A
[    2.303789] Linux agpgart interface v0.103
[    2.316041] loop: module loaded
[    2.327760] scsi host0: ata_piix
[    2.333139] scsi host1: ata_piix
[    2.337513] ata1: PATA max UDMA/33 cmd 0x1f0 ctl 0x3f6 bmdma 0xd000 irq 14
[    2.349479] ata2: PATA max UDMA/33 cmd 0x170 ctl 0x376 bmdma 0xd008 irq 15
[    2.363515] tun: Universal TUN/TAP device driver, 1.6
[    2.371972] PPP generic driver version 2.4.2
[    2.379312] ehci_hcd: USB 2.0 'Enhanced' Host Controller (EHCI) Driver
[    2.390706] ehci-pci: EHCI PCI platform driver
[    2.398701] ehci-platform: EHCI generic platform driver
[    2.408250] ohci_hcd: USB 1.1 'Open' Host Controller (OHCI) Driver
[    2.418848] ohci-pci: OHCI PCI platform driver
[    2.427254] ohci-platform: OHCI generic platform driver
[    2.435841] uhci_hcd: USB Universal Host Controller Interface driver
[    2.447342] i8042: PNP: PS/2 Controller [PNP0303:PS2K,PNP0f03:PS2M] at 0x60,0x64 irq 1,12
[    2.465501] serio: i8042 KBD port at 0x60,0x64 irq 1
[    2.475095] serio: i8042 AUX port at 0x60,0x64 irq 12
[    2.483796] mousedev: PS/2 mouse device common for all mice
[    2.495284] input: AT Translated Set 2 keyboard as /devices/platform/i8042/serio0/input/input2
[    2.511902] rtc_cmos rtc_cmos: rtc core: registered rtc_cmos as rtc0
[    2.597020] rtc_cmos rtc_cmos: alarms up to one day, 114 bytes nvram
[    2.608791] i2c /dev entries driver
[    2.615545] device-mapper: uevent: version 1.0.3
[    2.623111] device-mapper: ioctl: 4.37.0-ioctl (2017-09-20) initialised: dm-devel@redhat.com
[    2.639376] ledtrig-cpu: registered to indicate activity on CPUs
[    2.649003] NET: Registered protocol family 10
[    2.663923] Segment Routing with IPv6
[    2.673109] NET: Registered protocol family 17
[    2.681937] Key type dns_resolver registered
[    2.689366] mce: Using 0 MCE banks
[    2.696648] RAS: Correctable Errors collector initialized.
[    2.705974] sched_clock: Marking stable (2705857540, 0)->(4652118640, -1946261100)
[    2.719238] registered taskstats version 1
[    2.727436] Loading compiled-in X.509 certificates
[    2.739730] Loaded X.509 cert 'Build time autogenerated kernel key: cdc7189136aaa35407544516090e2034d9c28e14'
[    2.756807] Loaded X.509 cert 'Canonical Ltd. Live Patch Signing: 14df34d1a87cf37625abec039ef2bf521249b969'
[    2.775821] Loaded X.509 cert 'Canonical Ltd. Kernel Module Signing: 88f752e560a1e0737e31163a466ad7b70a850c19'
[    2.796623] blacklist: Loading compiled-in revocation X.509 certificates
[    2.811634] Loaded X.509 cert 'Canonical Ltd. Secure Boot Signing: 61482aa2830d0ab2ad5af10b7250da9033ddcef0'
[    2.832218] Loaded X.509 cert 'Canonical Ltd. Secure Boot Signing (2017): 242ade75ac4a15e50d50c84b0d45ff3eae707a03'
[    2.854963] Loaded X.509 cert 'Canonical Ltd. Secure Boot Signing (ESM 2018): 365188c1d374d6b07c3c8f240f8ef722433d6a8b'
[    2.877099] Loaded X.509 cert 'Canonical Ltd. Secure Boot Signing (2019): c0746fd6c5da3ae827864651ad66ae47fe24b3e8'
[    2.894689] Loaded X.509 cert 'Canonical Ltd. Secure Boot Signing (2021 v1): a8d54bbb3825cfb94fa13c9f8a594a195c107b8d'
[    2.912770] Loaded X.509 cert 'Canonical Ltd. Secure Boot Signing (2021 v2): 4cf046892d6fd3c9a5b03f98d845f90851dc6a8c'
[    2.929647] Loaded X.509 cert 'Canonical Ltd. Secure Boot Signing (2021 v3): 100437bb6de6e469b581e61cd66bce3ef4ed53af'
[    2.947604] Loaded X.509 cert 'Canonical Ltd. Secure Boot Signing (Ubuntu Core 2019): c1d57b8f6b743f23ee41f4f7ee292f06eecadfb9'
[    2.965582] zswap: loaded using pool lzo/zbud
[    2.982150] Key type big_key registered
[    2.991010] Key type trusted registered
[    3.001609] Key type encrypted registered
[    3.008746] AppArmor: AppArmor sha1 policy hashing enabled
[    3.019167] ima: No TPM chip found, activating TPM-bypass! (rc=-19)
[    3.030528] ima: Allocated hash algorithm: sha1
[    3.040820] evm: HMAC attrs: 0x1
[    3.047944]   Magic number: 13:494:129
[    3.055190] acpi device:04: hash matches
[    3.062908] rtc_cmos rtc_cmos: setting system clock to 2025-06-14 13:06:26 UTC (1749906386)
[    3.076910] BIOS EDD facility v0.16 2004-Jun-25, 0 devices found
[    3.086015] EDD information not available.
[    3.099158] Freeing unused kernel image memory: 2480K
[    3.116696] Write protecting the kernel read-only data: 20480k
[    3.127674] Freeing unused kernel image memory: 2008K
[    3.140590] Freeing unused kernel image memory: 1820K
[    3.157056] x86/mm: Checked W+X mappings: passed, no W+X pages found.
Loading, please wait...
starting version 237
[    3.349711] Fusion MPT base driver 3.04.20
[    3.358511] Copyright (c) 1999-2008 LSI Corporation
[    3.382305] e1000: Intel(R) PRO/1000 Network Driver - version 7.3.21-k8-NAPI
[    3.396203] e1000: Copyright (c) 1999-2006 Intel Corporation.
[    3.444350] SSE version of gcm_enc/dec engaged.
[    3.509078] Fusion MPT SPI Host driver 3.04.20
[    3.673599] input: ImExPS/2 Generic Explorer Mouse as /devices/platform/i8042/serio1/input/input4
[    4.454225] e1000 0000:00:03.0 eth0: (PCI:33MHz:32-bit) 02:3b:7b:b7:3b:2d
[    4.466572] e1000 0000:00:03.0 eth0: Intel(R) PRO/1000 Network Connection
[    4.478596] mptbase: ioc0: Initiating bringup
[    4.599238] ioc0: LSI53C1030 A0: Capabilities={Initiator}
[    4.871832] scsi host2: ioc0: LSI53C1030 A0, FwRev=00000000h, Ports=1, MaxQ=256, IRQ=20
[    5.055502] scsi 2:0:0:0: Direct-Access     VBOX     HARDDISK         1.0  PQ: 0 ANSI: 5
[    5.081420] scsi target2:0:0: Beginning Domain Validation
[    5.108212] scsi target2:0:0: Domain Validation skipping write tests
[    5.118899] scsi target2:0:0: Ending Domain Validation
[    5.151386] scsi target2:0:0: asynchronous
[    5.196409] scsi 2:0:1:0: Direct-Access     VBOX     HARDDISK         1.0  PQ: 0 ANSI: 5
[    5.218870] scsi target2:0:1: Beginning Domain Validation
[    5.341765] scsi target2:0:1: Domain Validation skipping write tests
[    5.353938] scsi target2:0:1: Ending Domain Validation
[    5.382816] scsi target2:0:1: asynchronous
[    5.567817] sd 2:0:0:0: [sda] 83886080 512-byte logical blocks: (42.9 GB/40.0 GiB)
[    5.581657] sd 2:0:0:0: Attached scsi generic sg0 type 0
[    5.606082] sd 2:0:1:0: Attached scsi generic sg1 type 0
[    5.618021] sd 2:0:0:0: [sda] Write Protect is off
[    5.629712] sd 2:0:1:0: [sdb] 20480 512-byte logical blocks: (10.5 MB/10.0 MiB)
[    5.654708] sd 2:0:0:0: [sda] Incomplete mode parameter data
[    5.666400] sd 2:0:0:0: [sda] Assuming drive cache: write through
[    5.688584] sd 2:0:1:0: [sdb] Write Protect is off
[    5.709318] sd 2:0:1:0: [sdb] Incomplete mode parameter data
[    5.719836] sd 2:0:1:0: [sdb] Assuming drive cache: write through
[    5.749339]  sda: sda1
[    5.768576] sd 2:0:0:0: [sda] Attached SCSI disk
[    5.849950] sd 2:0:1:0: [sdb] Attached SCSI disk
[    6.341918] e1000 0000:00:08.0 eth1: (PCI:33MHz:32-bit) 08:00:27:96:cc:32
[    6.352546] e1000 0000:00:08.0 eth1: Intel(R) PRO/1000 Network Connection
[    6.366411] e1000 0000:00:08.0 enp0s8: renamed from eth1
[    6.394183] e1000 0000:00:03.0 enp0s3: renamed from eth0
Begin: Loading essential drivers ... [    8.604367] raid6: sse2x1   gen() 10621 MB/s
[    8.676557] raid6: sse2x1   xor()  6928 MB/s
[    8.740325] raid6: sse2x2   gen()  9318 MB/s
[    8.812073] raid6: sse2x2   xor()  7995 MB/s
[    8.876190] raid6: sse2x4   gen()  9980 MB/s
[    8.948396] raid6: sse2x4   xor()  9946 MB/s
[    8.956778] raid6: using algorithm sse2x1 gen() 10621 MB/s
[    8.966642] raid6: .... xor() 6928 MB/s, rmw enabled
[    8.975401] raid6: using ssse3x2 recovery algorithm
[    8.986859] xor: measuring software checksum speed
[    9.104170]    prefetch64-sse: 47071.000 MB/sec
[    9.220211]    generic_sse: 38866.000 MB/sec
[    9.228620] xor: using function: prefetch64-sse (47071.000 MB/sec)
[    9.241620] async_tx: api initialized (async)
done.
Begin: Running /scripts/init-premount ... done.
Begin: Mounting root file system ... Begin: Running /scripts/local-top ... done.
Begin: Running /scripts/local-premount ... [    9.344300] Btrfs loaded, crc32c=crc32c-intel
Scanning for Btrfs filesystems
done.
Begin: Will now check root file system ... fsck from util-linux 2.31.1
[/sbin/fsck.ext4 (1) -- /dev/sda1] fsck.ext4 -a -C0 /dev/sda1 
cloudimg-rootfs: recovering journal
cloudimg-rootfs: clean, 121092/5120000 files, 861507/10485499 blocks
done.
[    9.738725] EXT4-fs (sda1): mounted filesystem with ordered data mode. Opts: (null)
done.
Begin: Running /scripts/local-bottom ... done.
Begin: Running /scripts/init-bottom ... done.
[   10.263270] ip_tables: (C) 2000-2006 Netfilter Core Team
[   10.306887] systemd[1]: systemd 237 running in system mode. (+PAM +AUDIT +SELINUX +IMA +APPARMOR +SMACK +SYSVINIT +UTMP +LIBCRYPTSETUP +GCRYPT +GNUTLS +ACL +XZ +LZ4 +SECCOMP +BLKID +ELFUTILS +KMOD -IDN2 +IDN -PCRE2 default-hierarchy=hybrid)
[   10.348678] systemd[1]: Detected virtualization oracle.
[   10.361260] systemd[1]: Detected architecture x86-64.

Welcome to [1mUbuntu 18.04.6 LTS[0m!

[   10.396064] systemd[1]: Set hostname to <backend>.
[   11.035681] systemd[1]: Reached target Swap.
[[0;32m  OK  [0m] Reached target Swap.
[   11.050073] systemd[1]: Reached target System Time Synchronized.
[[0;32m  OK  [0m] Reached target System Time Synchronized.
[   11.066986] systemd[1]: Created slice User and Session Slice.
[[0;32m  OK  [0m] Created slice User and Session Slice.
[   11.086443] systemd[1]: Created slice System Slice.
[[0;32m  OK  [0m] Created slice System Slice.
[   11.100755] systemd[1]: Listening on Journal Socket (/dev/log).
[[0;32m  OK  [0m] Listening on Journal Socket (/dev/log).
[   11.119709] systemd[1]: Reached target Slices.
[[0;32m  OK  [0m] Reached target Slices.
[[0;32m  OK  [0m] Listening on Device-mapper event daemon FIFOs.
[[0;32m  OK  [0m] Listening on Syslog Socket.
[[0;32m  OK  [0m] Listening on udev Control Socket.
[[0;32m  OK  [0m] Listening on Journal Audit Socket.
[[0;32m  OK  [0m] Listening on LVM2 metadata daemon socket.
[[0;32m  OK  [0m] Listening on Journal Socket.
         Starting Uncomplicated firewall...
         Mounting POSIX Message Queue File System...
         Starting Set the console keyboard layout...
[[0;32m  OK  [0m] Listening on Network Service Netlink Socket.
[[0;32m  OK  [0m] Listening on fsck to fsckd communication Socket.
         Mounting Huge Pages File System...
         Starting Load Kernel Modules...
[[0;32m  OK  [0m] Listening on udev Kernel Socket.
         Starting Create list of required st…ce nodes for the current kernel...[   11.278818] Loading iSCSI transport class v2.0-870.

         Starting udev Coldplug all Devices...
[[0;32m  OK  [0m] Listening on LVM2 poll daemon socket.
         Starting Monitoring of LVM2 mirrors…ng dmeventd or progress polling...
[[0;32m  OK  [0m] Started Forward Password Requests to Wall Directory Watch.
[[0;32m  OK  [0m] Set up automount Arbitrary Executab…rmats File System Automount Point.
[[0;32m  OK  [0m] Listening on /dev/initctl Compatibility Named Pipe.
[   11.389927] iscsi: registered transport (tcp)
[[0;32m  OK  [0m] Reached target User and Group Name Lookups.
         Starting Remount Root and Kernel File Systems...
         Starting Journal Service...
[[0;32m  OK  [0m] Created slice system-serial\x2dgetty.slice.
[[0;32m  OK  [0m] Reached target Mounting snaps.
[[0;32m  OK  [0m] Reached target Mounted snaps.
         Mounting Kernel Debug File System...
[[0;32m  OK  [0m] Started Uncomplicated firewall.
[[0;32m  OK  [0m] Mounted POSIX Message Queue File System.
[[0;32m  OK  [0m] Mounted Huge Pages File System.
[[0;32m  OK  [0m] Started Create list of required sta…vice nodes for the current kernel.
[[   11.584544] EXT4-fs (sda1): re-mounted. Opts: (null)
[0;32m  OK  [0m] Mounted Kernel Debug File System.
         Starting Create Static Device Nodes in /dev...
[[0;32m  OK  [0m] Started Remount Root and Kernel File Systems.
         Starting Load/Save Random Seed...
[[0;32m  OK  [0m] Started Create Static Device Nodes in /dev.[   11.763077] iscsi: registered transport (iser)

         Starting udev Kernel Device Manager...
[[0;32m  OK  [0m] Started LVM2 metadata daemon.
[[0;32m  OK  [0m] Started Load/Save Random Seed.
[[0;32m  OK  [0m] Started Load Kernel Modules.
         Mounting Kernel Configuration File System...
         Starting Apply Kernel Variables...
         Mounting FUSE Control File System...
[[0;32m  OK  [0m] Mounted Kernel Configuration File System.
[[0;32m  OK  [0m] Started Journal Service.
[[0;32m  OK  [0m] Mounted FUSE Control File System.
         Starting Flush Journal to Persistent Storage...
[[0;32m  OK  [0m] Started udev Coldplug all Devices.
[[0;32m  OK  [0m] Started udev Kernel Device Manager.
[[0;32m  OK  [0m] Started Monitoring of LVM2 mirrors,…sing dmeventd or progress polling.
[[0;32m  OK  [0m] Started Apply Kernel Variables.
[[0;32m  OK  [0m] Started Set the console keyboard layout.
[[0;32m  OK  [0m] Reached target Local File Systems (Pre).
[[0;32m  OK  [0m] Reached target Local File Systems.
         Starting AppArmor initialization...
         Starting Tell Plymouth To Write Out Runtime Data...
         Starting Set console font and keymap...
         Starting ebtables ruleset management...
[[0;32m  OK  [0m] Started Dispatch Password Requests to Console Directory Watch.
[[0;32m  OK  [0m] Reached target Local Encrypted Volumes.
[[0;32m  OK  [0m] Started Flush Journal to Persistent Storage.
[[0;32m  OK  [0m] Started Tell Plymouth To Write Out Runtime Data.
[[0;32m  OK  [0m] Started Set console font and keymap.
         Starting Create Volatile Files and Directories...
[[0;32m  OK  [0m] Started Create Volatile Files and Directories.
[[0;32m  OK  [0m] Started ebtables ruleset management.
         Starting Update UTMP about System Boot/Shutdown...
[[0;32m  OK  [0m] Started Update UTMP about System Boot/Shutdown.
[[0;32m  OK  [0m] Started AppArmor initialization.
         Starting Load AppArmor profiles managed internally by snapd...
         Starting Initial cloud-init job (pre-networking)...
[[0;32m  OK  [0m] Found device /dev/ttyS0.
         Mounting Arbitrary Executable File Formats File System...
[[0;32m  OK  [0m] Mounted Arbitrary Executable File Formats File System.
[[0;32m  OK  [0m] Started Load AppArmor profiles managed internally by snapd.
[[0;32m  OK  [0m] Listening on Load/Save RF Kill Switch Status /dev/rfkill Watch.
[   16.303729] cloud-init[527]: Cloud-init v. 23.1.2-0ubuntu0~18.04.1 running 'init-local' at Sat, 14 Jun 2025 13:06:39 +0000. Up 16.02 seconds.
[[0;32m  OK  [0m] Started Initial cloud-init job (pre-networking).
[[0;32m  OK  [0m] Reached target Network (Pre).
         Starting Network Service...
[[0;32m  OK  [0m] Started Network Service.
         Starting Wait for Network to be Configured...
         Starting Network Name Resolution...
[[0;32m  OK  [0m] Started Network Name Resolution.
[[0;32m  OK  [0m] Reached target Network.
[[0;32m  OK  [0m] Reached target Host and Network Name Lookups.
[[0;32m  OK  [0m] Started Wait for Network to be Configured.
         Starting Initial cloud-init job (metadata service crawler)...
[   19.978390] cloud-init[675]: Cloud-init v. 23.1.2-0ubuntu0~18.04.1 running 'init' at Sat, 14 Jun 2025 13:06:43 +0000. Up 19.75 seconds.
[   20.005649] cloud-init[675]: ci-info: ++++++++++++++++++++++++++++++++++++++Net device info+++++++++++++++++++++++++++++++++++++++
[   20.025352] cloud-init[675]: ci-info: +--------+------+-----------------------------+---------------+--------+-------------------+
[   20.050956] cloud-init[675]: ci-info: | Device |  Up  |           Address           |      Mask     | Scope  |     Hw-Address    |
[   20.068494] cloud-init[675]: ci-info: +--------+------+-----------------------------+---------------+--------+-------------------+
[   20.086813] cloud-init[675]: ci-info: | enp0s3 | True |          10.0.2.15          | 255.255.255.0 | global | 02:3b:7b:b7:3b:2d |
[   20.113157] cloud-init[675]: ci-info: | enp0s3 | True |  fd00::3b:7bff:feb7:3b2d/64 |       .       | global | 02:3b:7b:b7:3b:2d |
[   20.134151] cloud-init[675]: ci-info: | enp0s3 | True |  fe80::3b:7bff:feb7:3b2d/64 |       .       |  link  | 02:3b:7b:b7:3b:2d |
[   20.150425] cloud-init[675]: ci-info: | enp0s8 | True |        192.168.56.20        | 255.255.255.0 | global | 08:00:27:96:cc:32 |
[   20.165840] cloud-init[675]: ci-info: | enp0s8 | True | fe80::a00:27ff:fe96:cc32/64 |       .       |  link  | 08:00:27:96:cc:32 |
[   20.185008] cloud-init[675]: ci-info: |   lo   | True |          127.0.0.1          |   255.0.0.0   |  host  |         .         |
[   20.204691] cloud-init[675]: ci-info: |   lo   | True |           ::1/128           |       .       |  host  |         .         |
[   20.221709] cloud-init[675]: ci-info: +--------+------+-----------------------------+---------------+--------+-------------------+
[   20.234808] cloud-init[675]: ci-info: +++++++++++++++++++++++++++++Route IPv4 info+++++++++++++++++++++++++++++
[   20.248092] cloud-init[675]: ci-info: +-------+--------------+----------+-----------------+-----------+-------+
[   20.267200] cloud-init[675]: ci-info: | Route | Destination  | Gateway  |     Genmask     | Interface | Flags |
[   20.285857] cloud-init[675]: ci-info: +-------+--------------+----------+-----------------+-----------+-------+
[   20.302402] cloud-init[675]: ci-info: |   0   |   0.0.0.0    | 10.0.2.2 |     0.0.0.0     |   enp0s3  |   UG  |
[   20.315992] cloud-init[675]: ci-info: |   1   |   10.0.2.0   | 0.0.0.0  |  255.255.255.0  |   enp0s3  |   U   |
[   20.358157] cloud-init[675]: ci-info: |   2   |   10.0.2.2   | 0.0.0.0  | 255.255.255.255 |   enp0s3  |   UH  |
[   20.384726] cloud-init[675]: ci-info: |   3   | 192.168.56.0 | 0.0.0.0  |  255.255.255.0  |   enp0s8  |   U   |
[   20.405562] cloud-init[675]: ci-info: +-------+--------------+----------+-----------------+-----------+-------+
[   20.425535] cloud-init[675]: ci-info: +++++++++++++++++++Route IPv6 info+++++++++++++++++++
[   20.448320] cloud-init[675]: ci-info: +-------+-------------+---------+-----------+-------+
[   20.456565] cloud-init[675]: ci-info: | Route | Destination | Gateway | Interface | Flags |[[0;32m  OK  [0m
[   20.470441] cloud-init] Started Initial cloud-init job (metadata service crawler).
[[675]: ci-info: +-------+-------------+---------+-----------+-------+[0;32m  OK  [0m] Reached target Network is Online.
[[0;32m  OK  [0m] Reached target Remote File Systems (Pre).
[   20.503406] 
cloud-init         [675]: ci-info: |   1   |  fd00::/64  |    ::   |   enp0s3  |   U   |Mounting /vagrant...
         Starting Availability of block devices...
[[0;32m  OK  [0m] Reached target System Initialization.

[   20.559549] [[0;32m  OK  [0mcloud-init] Started Message of the Day.
[[0;32m  OK  [0m[675]: ci-info: |   2   |  fe80::/64  |    ::   |   enp0s8  |   U   |] Listening on ACPID Listen Socket.
[[0;32m  OK  [0m] Started Daily apt download activities.

[   20.629796] [[0;32m  OK  [0m] Started ACPI Events Check.cloud-init[675]: ci-info: |   3   |  fe80::/64  |    ::   |   enp0s3  |   U   |
[[0;32m  OK  [0m] Listening on cloud-init hotplug hook socket.
[
[   20.659190] [0;32m  OK  [0m] Listening on Open-iSCSI iscsid Socket.cloud-init[675]: ci-info: |   4   |     ::/0    | fe80::2 |   enp0s3  |   UG  |
[[0;32m  OK  [0m] Started Daily Cleanup of Temporary Directories.
[   20.682955] cloud-init[675]: ci-info: |   6   |    local    |    ::   |   enp0s3  |   U   |
[[0;32m  OK  [0m] Started Discard unused blocks once a week.
[   20.698244] cloud-init
[[0;32m  OK  [0m] [675]: ci-info: |   7   |    local    |    ::   |   enp0s8  |   U   |Started Daily apt upgrade and clean activities.

[   20.713633] cloud-init[675]: [[0;32m  OK  [0m] ci-info: |   8   |   ff00::/8  |    ::   |   enp0s8  |   U   |Listening on D-Bus System Message Bus Socket.
[
[   20.730351] cloud-init[0;32m  OK  [0m] Started Ubuntu Advantage Timer for running repeated jobs.[675]: ci-info: |   9   |   ff00::/8  |    ::   |   enp0s3  |   U   |

[[0;32m  OK  [0m] [   20.749017] cloud-init[675]: Reached target Timers.
ci-info: +-------+-------------+---------+-----------+-------+         Starting LXD - unix socket.

[[0;32m  OK  [0m] Listening on UUID daemon activation socket.
[[0;32m  OK  [0m] Reached target Paths.
         Starting Socket activation for snappy daemon.
[[0;32m  OK  [0m] Reached target Cloud-config availability.
[[0;32m  OK  [0m] Mounted /vagrant.
[[0;32m  OK  [0m] Started Availability of block devices.
[[0;32m  OK  [0m] Listening on LXD - unix socket.
[[0;32m  OK  [0m] Listening on Socket activation for snappy daemon.
[[0;32m  OK  [0m] Reached target Sockets.
[[0;32m  OK  [0m] Reached target Basic System.
[[0;32m  OK  [0m] Started FUSE filesystem for LXC.
[[0;32m  OK  [0m] Started D-Bus System Message Bus.
         Starting Dispatcher daemon for systemd-networkd...
         Starting PM2 process manager...
         Starting Accounts Service...
         Starting LSB: Record successful boot for GRUB...
         Starting Virtualbox guest utils...
[[0;32m  OK  [0m] Started Regular background program processing daemon.
         Starting System Logging Service...
[[0;32m  OK  [0m] Reached target Login Prompts (Pre).
         Starting Login Service...
         Starting OpenBSD Secure Shell server...
         Starting LXD - container startup/shutdown...
[[0;32m  OK  [0m] Started irqbalance daemon.
[[0;32m  OK  [0m] Started Deferred execution scheduler.
         Starting Snap Daemon...
[[0;32m  OK  [0m] Reached target Remote File Systems.
         Starting Permit User Sessions...
         Starting LSB: automatic crash report generation...
[[0;32m  OK  [0m] Started System Logging Service.
[[0;32m  OK  [0m] Started OpenBSD Secure Shell server.
[[0;32m  OK  [0m] Started Permit User Sessions.
[[0;32m  OK  [0m] Started Login Service.
[[0;32m  OK  [0m] Started Unattended Upgrades Shutdown.
         Starting Authorization Manager...
         Starting Hold until boot process finishes up...
         Starting Terminate Plymouth Boot Screen...
         Starting Hostname Service...
[[0;32m  OK  [0m] Started Dispatcher daemon for systemd-networkd.
[[0;32m  OK  [0m] Started Hold until boot process finishes up.
[[0;32m  OK  [0m] Started Terminate Plymouth Boot Screen.
[[0;32m  OK  [0m] Started LSB: Record successful boot for GRUB.
         Starting Set console scheme...
[[0;32m  OK  [0m] Started Serial Getty on ttyS0.
[[0;32m  OK  [0m] Started Set console scheme.
[[0;32m  OK  [0m] Created slice system-getty.slice.
[[0;32m  OK  [0m] Started Getty on tty1.
[[0;32m  OK  [0m] Reached target Login Prompts.
[[0;32m  OK  [0m] Started LSB: automatic crash report generation.
[[0;32m  OK  [0m] Started Authorization Manager.
[[0;32m  OK  [0m] Started Accounts Service.
[[0;32m  OK  [0m] Started Hostname Service.
[[0;32m  OK  [0m] Started Virtualbox guest utils.
[[0;32m  OK  [0m] Started LXD - container startup/shutdown.
[[0;32m  OK  [0m] Created slice User Slice of vagrant.
         Starting User Manager for UID 1000...
[[0;32m  OK  [0m] Started Session 1 of user vagrant.
[[0;32m  OK  [0m] Started User Manager for UID 1000.
[[0;32m  OK  [0m] Started Snap Daemon.
         Starting Wait until snapd is fully seeded...
         Starting Time & Date Service...
[[0;32m  OK  [0m] Started Time & Date Service.
[[0;32m  OK  [0m] Started Wait until snapd is fully seeded.
         Starting Apply the settings specified in cloud-config...

Ubuntu 18.04.6 LTS backend ttyS0

backend login: [   29.692804] cloud-init[1117]: Cloud-init v. 23.1.2-0ubuntu0~18.04.1 running 'modules:config' at Sat, 14 Jun 2025 13:06:52 +0000. Up 29.21 seconds.
[   31.514583] cloud-init[1307]: Cloud-init v. 23.1.2-0ubuntu0~18.04.1 running 'modules:final' at Sat, 14 Jun 2025 13:06:54 +0000. Up 31.17 seconds.
[   31.566402] cloud-init[1307]: Cloud-init v. 23.1.2-0ubuntu0~18.04.1 finished at Sat, 14 Jun 2025 13:06:54 +0000. Datasource DataSourceNoCloud [seed=/dev/sdb][dsmode=net].  Up 31.48 seconds
