[2025-06-09 15:46:06Z INFO HostContext] No proxy settings were found based on environmental variables (http_proxy/https_proxy/HTTP_PROXY/HTTPS_PROXY)
[2025-06-09 15:46:06Z INFO HostContext] Well known directory 'Bin': '/mnt/c/Users/Georges/Desktop/projects/cloudninja_agl/actions-runner/bin'
[2025-06-09 15:46:06Z INFO HostContext] Well known directory 'Root': '/mnt/c/Users/Georges/Desktop/projects/cloudninja_agl/actions-runner'
[2025-06-09 15:46:06Z INFO HostContext] Well known config file 'Credentials': '/mnt/c/Users/Georges/Desktop/projects/cloudninja_agl/actions-runner/.credentials'
[2025-06-09 15:46:07Z INFO HostContext] Well known directory 'Bin': '/mnt/c/Users/Georges/Desktop/projects/cloudninja_agl/actions-runner/bin'
[2025-06-09 15:46:07Z INFO HostContext] Well known directory 'Root': '/mnt/c/Users/Georges/Desktop/projects/cloudninja_agl/actions-runner'
[2025-06-09 15:46:07Z INFO HostContext] Well known config file 'Runner': '/mnt/c/Users/Georges/Desktop/projects/cloudninja_agl/actions-runner/.runner'
[2025-06-09 15:46:07Z INFO Listener] Runner is built for Linux (X64) - linux-x64.
[2025-06-09 15:46:07Z INFO Listener] RuntimeInformation: Ubuntu 24.04.2 LTS.
[2025-06-09 15:46:07Z INFO Listener] Version: 2.325.0
[2025-06-09 15:46:07Z INFO Listener] Commit: 71ed7cd46223bd5d61633445946813012b502d54
[2025-06-09 15:46:07Z INFO Listener] Culture: 
[2025-06-09 15:46:07Z INFO Listener] UI Culture: 
[2025-06-09 15:46:07Z INFO HostContext] Well known directory 'Bin': '/mnt/c/Users/Georges/Desktop/projects/cloudninja_agl/actions-runner/bin'
[2025-06-09 15:46:07Z INFO HostContext] Well known directory 'Root': '/mnt/c/Users/Georges/Desktop/projects/cloudninja_agl/actions-runner'
[2025-06-09 15:46:07Z INFO Listener] Validating directory permissions for: '/mnt/c/Users/Georges/Desktop/projects/cloudninja_agl/actions-runner'
[2025-06-09 15:46:07Z INFO CommandLineParser] Parse
[2025-06-09 15:46:07Z INFO CommandLineParser] Parsing 1 args
[2025-06-09 15:46:07Z INFO CommandLineParser] parsing argument
[2025-06-09 15:46:07Z INFO CommandLineParser] HasArgs: False
[2025-06-09 15:46:07Z INFO CommandLineParser] Adding Command: run
[2025-06-09 15:46:07Z INFO Listener] Arguments parsed
[2025-06-09 15:46:07Z INFO Runner] ExecuteCommand
[2025-06-09 15:46:07Z INFO ConfigurationStore] currentAssemblyLocation: /mnt/c/Users/Georges/Desktop/projects/cloudninja_agl/actions-runner/bin/Runner.Listener.dll
[2025-06-09 15:46:07Z INFO HostContext] Well known directory 'Bin': '/mnt/c/Users/Georges/Desktop/projects/cloudninja_agl/actions-runner/bin'
[2025-06-09 15:46:07Z INFO ConfigurationStore] binPath: /mnt/c/Users/Georges/Desktop/projects/cloudninja_agl/actions-runner/bin
[2025-06-09 15:46:07Z INFO HostContext] Well known directory 'Bin': '/mnt/c/Users/Georges/Desktop/projects/cloudninja_agl/actions-runner/bin'
[2025-06-09 15:46:07Z INFO HostContext] Well known directory 'Root': '/mnt/c/Users/Georges/Desktop/projects/cloudninja_agl/actions-runner'
[2025-06-09 15:46:07Z INFO ConfigurationStore] RootFolder: /mnt/c/Users/Georges/Desktop/projects/cloudninja_agl/actions-runner
[2025-06-09 15:46:07Z INFO HostContext] Well known directory 'Bin': '/mnt/c/Users/Georges/Desktop/projects/cloudninja_agl/actions-runner/bin'
[2025-06-09 15:46:07Z INFO HostContext] Well known directory 'Root': '/mnt/c/Users/Georges/Desktop/projects/cloudninja_agl/actions-runner'
[2025-06-09 15:46:07Z INFO HostContext] Well known config file 'Runner': '/mnt/c/Users/Georges/Desktop/projects/cloudninja_agl/actions-runner/.runner'
[2025-06-09 15:46:07Z INFO ConfigurationStore] ConfigFilePath: /mnt/c/Users/Georges/Desktop/projects/cloudninja_agl/actions-runner/.runner
[2025-06-09 15:46:07Z INFO HostContext] Well known directory 'Bin': '/mnt/c/Users/Georges/Desktop/projects/cloudninja_agl/actions-runner/bin'
[2025-06-09 15:46:07Z INFO HostContext] Well known directory 'Root': '/mnt/c/Users/Georges/Desktop/projects/cloudninja_agl/actions-runner'
[2025-06-09 15:46:07Z INFO HostContext] Well known config file 'MigratedRunner': '/mnt/c/Users/Georges/Desktop/projects/cloudninja_agl/actions-runner/.runner_migrated'
[2025-06-09 15:46:07Z INFO ConfigurationStore] MigratedConfigFilePath: /mnt/c/Users/Georges/Desktop/projects/cloudninja_agl/actions-runner/.runner_migrated
[2025-06-09 15:46:07Z INFO HostContext] Well known directory 'Bin': '/mnt/c/Users/Georges/Desktop/projects/cloudninja_agl/actions-runner/bin'
[2025-06-09 15:46:07Z INFO HostContext] Well known directory 'Root': '/mnt/c/Users/Georges/Desktop/projects/cloudninja_agl/actions-runner'
[2025-06-09 15:46:07Z INFO HostContext] Well known config file 'Credentials': '/mnt/c/Users/Georges/Desktop/projects/cloudninja_agl/actions-runner/.credentials'
[2025-06-09 15:46:07Z INFO ConfigurationStore] CredFilePath: /mnt/c/Users/Georges/Desktop/projects/cloudninja_agl/actions-runner/.credentials
[2025-06-09 15:46:07Z INFO HostContext] Well known directory 'Bin': '/mnt/c/Users/Georges/Desktop/projects/cloudninja_agl/actions-runner/bin'
[2025-06-09 15:46:07Z INFO HostContext] Well known directory 'Root': '/mnt/c/Users/Georges/Desktop/projects/cloudninja_agl/actions-runner'
[2025-06-09 15:46:07Z INFO HostContext] Well known config file 'MigratedCredentials': '/mnt/c/Users/Georges/Desktop/projects/cloudninja_agl/actions-runner/.credentials_migrated'
[2025-06-09 15:46:07Z INFO ConfigurationStore] MigratedCredFilePath: /mnt/c/Users/Georges/Desktop/projects/cloudninja_agl/actions-runner/.credentials_migrated
[2025-06-09 15:46:07Z INFO HostContext] Well known directory 'Bin': '/mnt/c/Users/Georges/Desktop/projects/cloudninja_agl/actions-runner/bin'
[2025-06-09 15:46:07Z INFO HostContext] Well known directory 'Root': '/mnt/c/Users/Georges/Desktop/projects/cloudninja_agl/actions-runner'
[2025-06-09 15:46:07Z INFO HostContext] Well known config file 'Service': '/mnt/c/Users/Georges/Desktop/projects/cloudninja_agl/actions-runner/.service'
[2025-06-09 15:46:07Z INFO ConfigurationStore] ServiceConfigFilePath: /mnt/c/Users/Georges/Desktop/projects/cloudninja_agl/actions-runner/.service
[2025-06-09 15:46:07Z INFO CommandSettings] Flag 'help': 'False'
[2025-06-09 15:46:07Z INFO CommandSettings] Flag 'version': 'False'
[2025-06-09 15:46:07Z INFO CommandSettings] Flag 'commit': 'False'
[2025-06-09 15:46:07Z INFO CommandSettings] Flag 'check': 'False'
[2025-06-09 15:46:07Z INFO CommandSettings] Command 'configure': 'False'
[2025-06-09 15:46:07Z INFO CommandSettings] Command 'remove': 'False'
[2025-06-09 15:46:07Z INFO CommandSettings] Command 'warmup': 'False'
[2025-06-09 15:46:07Z INFO ConfigurationManager] LoadSettings
[2025-06-09 15:46:07Z INFO ConfigurationStore] IsConfigured()
[2025-06-09 15:46:07Z INFO ConfigurationStore] IsConfigured: True
[2025-06-09 15:46:07Z INFO ConfigurationManager] Is configured: True
[2025-06-09 15:46:07Z INFO ConfigurationStore] Read setting file: 392 chars
[2025-06-09 15:46:07Z INFO ConfigurationManager] Settings Loaded
[2025-06-09 15:46:07Z INFO ConfigurationStore] IsServiceConfigured()
[2025-06-09 15:46:07Z INFO ConfigurationStore] IsServiceConfigured: False
[2025-06-09 15:46:07Z INFO CommandSettings] Command 'run': 'True'
[2025-06-09 15:46:07Z INFO ConfigurationStore] IsConfigured()
[2025-06-09 15:46:07Z INFO ConfigurationStore] IsConfigured: True
[2025-06-09 15:46:07Z INFO ConfigurationManager] Is configured: True
[2025-06-09 15:46:07Z INFO Runner] Could not parse the argument value '' for StartupType. Defaulting to Manual
[2025-06-09 15:46:07Z INFO Runner] Set runner startup type - Manual
[2025-06-09 15:46:07Z INFO CommandSettings] Flag 'once': 'False'
[2025-06-09 15:46:07Z INFO CommandSettings] Flag 'once': 'False'
[2025-06-09 15:46:07Z INFO Runner] RunAsync
[2025-06-09 15:46:07Z INFO ConfigurationManager] LoadMigratedSettings
[2025-06-09 15:46:07Z INFO ConfigurationStore] IsMigratedConfigured()
[2025-06-09 15:46:07Z INFO ConfigurationStore] IsMigratedConfigured: False
[2025-06-09 15:46:07Z INFO Runner] Failed to load migrated settings: No migrated configuration found.
[2025-06-09 15:46:07Z INFO Runner] Falling back to original .runner settings
[2025-06-09 15:46:07Z INFO Runner] Using BrokerMessageListener
[2025-06-09 15:46:07Z INFO BrokerMessageListener] Using provided settings
[2025-06-09 15:46:07Z INFO BrokerMessageListener] {
  "AgentId": 21,
  "AgentName": "DESKTOP-NKTLHPO",
  "PoolId": 1,
  "PoolName": "Default",
  "ServerUrl": "https://pipelinesghubeus6.actions.githubusercontent.com/4pe3Rn0lBvlLL4Vd8J5MWeHoRxs1jG23qB1MPWgDOALF4Vr6IP/",
  "GitHubUrl": "https://github.com/AGL2304/cloudninja_agl-",
  "WorkFolder": "_work",
  "UseV2Flow": true,
  "ServerUrlV2": "https://broker.actions.githubusercontent.com/"
}
[2025-06-09 15:46:07Z INFO BrokerMessageListener] Loading Credentials
[2025-06-09 15:46:07Z INFO ConfigurationStore] HasCredentials()
[2025-06-09 15:46:07Z INFO ConfigurationStore] stored True
[2025-06-09 15:46:07Z INFO CredentialManager] GetCredentialProvider
[2025-06-09 15:46:07Z INFO CredentialManager] Creating type OAuth
[2025-06-09 15:46:07Z INFO CredentialManager] Creating credential type: OAuth
[2025-06-09 15:46:07Z INFO HostContext] Well known directory 'Bin': '/mnt/c/Users/Georges/Desktop/projects/cloudninja_agl/actions-runner/bin'
[2025-06-09 15:46:07Z INFO HostContext] Well known directory 'Root': '/mnt/c/Users/Georges/Desktop/projects/cloudninja_agl/actions-runner'
[2025-06-09 15:46:07Z INFO HostContext] Well known config file 'RSACredentials': '/mnt/c/Users/Georges/Desktop/projects/cloudninja_agl/actions-runner/.credentials_rsaparams'
[2025-06-09 15:46:07Z INFO RSAFileKeyManager] Loading RSA key parameters from file /mnt/c/Users/Georges/Desktop/projects/cloudninja_agl/actions-runner/.credentials_rsaparams
[2025-06-09 15:46:07Z INFO BrokerMessageListener] Attempt to create session.
[2025-06-09 15:46:07Z INFO BrokerMessageListener] Connecting to the Broker Server...
[2025-06-09 15:46:07Z INFO ConfigurationStore] HasCredentials()
[2025-06-09 15:46:07Z INFO ConfigurationStore] stored True
[2025-06-09 15:46:07Z INFO CredentialManager] GetCredentialProvider
[2025-06-09 15:46:07Z INFO CredentialManager] Creating type OAuth
[2025-06-09 15:46:07Z INFO CredentialManager] Creating credential type: OAuth
[2025-06-09 15:46:07Z INFO RSAFileKeyManager] Loading RSA key parameters from file /mnt/c/Users/Georges/Desktop/projects/cloudninja_agl/actions-runner/.credentials_rsaparams
[2025-06-09 15:46:07Z INFO BrokerMessageListener] VssConnection created
[2025-06-09 15:46:07Z INFO BrokerMessageListener] Connecting to the Runner server...
[2025-06-09 15:46:07Z INFO RunnerServer] EstablishVssConnection
[2025-06-09 15:46:07Z INFO RunnerServer] Establish connection with 100 seconds timeout.
[2025-06-09 15:46:08Z INFO GitHubActionsService] Starting operation Location.GetConnectionData
[2025-06-09 15:46:08Z INFO RunnerServer] EstablishVssConnection
[2025-06-09 15:46:08Z INFO RunnerServer] Establish connection with 60 seconds timeout.
[2025-06-09 15:46:08Z INFO GitHubActionsService] Starting operation Location.GetConnectionData
[2025-06-09 15:46:08Z INFO RunnerServer] EstablishVssConnection
[2025-06-09 15:46:08Z INFO RunnerServer] Establish connection with 60 seconds timeout.
[2025-06-09 15:46:08Z INFO GitHubActionsService] Starting operation Location.GetConnectionData
[2025-06-09 15:46:09Z INFO GitHubActionsService] Finished operation Location.GetConnectionData
[2025-06-09 15:46:09Z INFO GitHubActionsService] Finished operation Location.GetConnectionData
[2025-06-09 15:46:09Z INFO GitHubActionsService] Finished operation Location.GetConnectionData
[2025-06-09 15:46:09Z INFO BrokerMessageListener] VssConnection created
[2025-06-09 15:46:09Z INFO Terminal] WRITE LINE: 
[2025-06-09 15:46:09Z INFO Terminal] WRITE LINE: 
[2025-06-09 15:46:09Z INFO RSAFileKeyManager] Loading RSA key parameters from file /mnt/c/Users/Georges/Desktop/projects/cloudninja_agl/actions-runner/.credentials_rsaparams
[2025-06-09 15:46:09Z INFO RSAFileKeyManager] Loading RSA key parameters from file /mnt/c/Users/Georges/Desktop/projects/cloudninja_agl/actions-runner/.credentials_rsaparams
[2025-06-09 15:46:10Z INFO GitHubActionsService] AAD Correlation ID for this token request: Unknown
[2025-06-09 15:46:10Z INFO BrokerMessageListener] Session created.
[2025-06-09 15:46:10Z INFO Terminal] WRITE LINE: Current runner version: '2.325.0'
[2025-06-09 15:46:10Z INFO Terminal] WRITE LINE: 2025-06-09 15:46:10Z: Listening for Jobs
[2025-06-09 15:46:10Z INFO JobDispatcher] Set runner/worker IPC timeout to 30 seconds.
[2025-06-09 15:59:27Z INFO ConfigurationStore] HasCredentials()
[2025-06-09 15:59:27Z INFO ConfigurationStore] stored True
[2025-06-09 15:59:27Z INFO CredentialManager] GetCredentialProvider
[2025-06-09 15:59:27Z INFO CredentialManager] Creating type OAuth
[2025-06-09 15:59:27Z INFO CredentialManager] Creating credential type: OAuth
[2025-06-09 15:59:27Z INFO RSAFileKeyManager] Loading RSA key parameters from file /mnt/c/Users/Georges/Desktop/projects/cloudninja_agl/actions-runner/.credentials_rsaparams
[2025-06-09 15:59:27Z INFO RSAFileKeyManager] Loading RSA key parameters from file /mnt/c/Users/Georges/Desktop/projects/cloudninja_agl/actions-runner/.credentials_rsaparams
[2025-06-09 15:59:27Z INFO RSAFileKeyManager] Loading RSA key parameters from file /mnt/c/Users/Georges/Desktop/projects/cloudninja_agl/actions-runner/.credentials_rsaparams
[2025-06-09 15:59:27Z INFO GitHubActionsService] AAD Correlation ID for this token request: Unknown
[2025-06-09 15:59:29Z INFO JobDispatcher] Job request 0 for plan 29912771-17e3-4220-a5d9-1f4735dd6b0b job 82ffb3f3-5b04-52c2-81f7-eee4c037349c received.
[2025-06-09 15:59:29Z INFO BrokerMessageListener] Received job status event. JobState: Busy
[2025-06-09 15:59:29Z INFO BrokerMessageListener] _getMessagesTokenSource is already disposed.
[2025-06-09 15:59:29Z INFO Terminal] WRITE LINE: 2025-06-09 15:59:29Z: Running job: deploy
[2025-06-09 15:59:29Z INFO JobDispatcher] Start renew job request 0 for job 82ffb3f3-5b04-52c2-81f7-eee4c037349c.
[2025-06-09 15:59:29Z INFO JobDispatcher] Successfully renew job 82ffb3f3-5b04-52c2-81f7-eee4c037349c, job is valid till 06/09/2025 16:09:29
[2025-06-09 15:59:29Z INFO HostContext] Well known directory 'Bin': '/mnt/c/Users/Georges/Desktop/projects/cloudninja_agl/actions-runner/bin'
[2025-06-09 15:59:29Z INFO ProcessInvokerWrapper] Starting process:
[2025-06-09 15:59:29Z INFO ProcessInvokerWrapper]   File name: '/mnt/c/Users/Georges/Desktop/projects/cloudninja_agl/actions-runner/bin/Runner.Worker'
[2025-06-09 15:59:29Z INFO ProcessInvokerWrapper]   Arguments: 'spawnclient 148 151'
[2025-06-09 15:59:29Z INFO ProcessInvokerWrapper]   Working directory: '/mnt/c/Users/Georges/Desktop/projects/cloudninja_agl/actions-runner/bin'
[2025-06-09 15:59:29Z INFO ProcessInvokerWrapper]   Require exit code zero: 'False'
[2025-06-09 15:59:29Z INFO ProcessInvokerWrapper]   Encoding web name:  ; code page: ''
[2025-06-09 15:59:29Z INFO ProcessInvokerWrapper]   Force kill process on cancellation: 'True'
[2025-06-09 15:59:29Z INFO ProcessInvokerWrapper]   Redirected STDIN: 'False'
[2025-06-09 15:59:29Z INFO ProcessInvokerWrapper]   Persist current code page: 'False'
[2025-06-09 15:59:29Z INFO ProcessInvokerWrapper]   Keep redirected STDIN open: 'False'
[2025-06-09 15:59:29Z INFO ProcessInvokerWrapper]   High priority process: 'True'
[2025-06-09 15:59:29Z INFO ProcessInvokerWrapper] Process started with process id 6577, waiting for process exit.
[2025-06-09 15:59:29Z INFO JobDispatcher] Send job request message to worker for job 82ffb3f3-5b04-52c2-81f7-eee4c037349c.
[2025-06-09 15:59:29Z INFO ProcessChannel] Sending message of length 28315, with hash 'ae8af195f1dee11ead2d3326c2f5cacfcaf743eb713d5a4d9867cade50c38e28'
[2025-06-09 15:59:29Z INFO JobNotification] Entering JobStarted Notification
[2025-06-09 15:59:29Z INFO JobNotification] Entering StartMonitor
[2025-06-09 16:00:30Z INFO JobDispatcher] Successfully renew job 82ffb3f3-5b04-52c2-81f7-eee4c037349c, job is valid till 06/09/2025 16:10:30
[2025-06-09 16:01:10Z INFO ProcessInvokerWrapper] STDOUT/STDERR stream read finished.
[2025-06-09 16:01:10Z INFO ProcessInvokerWrapper] STDOUT/STDERR stream read finished.
[2025-06-09 16:01:10Z INFO ProcessInvokerWrapper] Finished process 6577 with exit code 102, and elapsed time 00:01:40.4034981.
[2025-06-09 16:01:10Z INFO JobDispatcher] Worker finished for job 82ffb3f3-5b04-52c2-81f7-eee4c037349c. Code: 102
[2025-06-09 16:01:10Z INFO JobDispatcher] finish job request for job 82ffb3f3-5b04-52c2-81f7-eee4c037349c with result: Failed
[2025-06-09 16:01:10Z INFO Terminal] WRITE LINE: 2025-06-09 16:01:10Z: Job deploy completed with result: Failed
[2025-06-09 16:01:10Z INFO JobDispatcher] Stop renew job request for job 82ffb3f3-5b04-52c2-81f7-eee4c037349c.
[2025-06-09 16:01:10Z INFO JobDispatcher] job renew has been cancelled, stop renew job 82ffb3f3-5b04-52c2-81f7-eee4c037349c.
[2025-06-09 16:01:10Z INFO JobNotification] Entering JobCompleted Notification
[2025-06-09 16:01:10Z INFO JobNotification] Entering EndMonitor
[2025-06-09 16:01:10Z INFO BrokerMessageListener] Received job status event. JobState: Online
[2025-06-09 16:01:10Z WARN GitHubActionsService] GET request to https://broker.actions.githubusercontent.com/message?sessionId=9229a93a-083e-4572-9005-e574c0b8d3c0&status=Busy&runnerVersion=2.325.0&os=Linux&architecture=X64&disableUpdate=false has been cancelled.
[2025-06-09 16:01:10Z ERR  BrokerServer] Catch exception during request
[2025-06-09 16:01:10Z ERR  BrokerServer] System.Threading.Tasks.TaskCanceledException: The operation was canceled.
 ---> System.Threading.Tasks.TaskCanceledException: The operation was canceled.
 ---> System.IO.IOException: Unable to read data from the transport connection: Operation canceled.
 ---> System.Net.Sockets.SocketException (125): Operation canceled
   --- End of inner exception stack trace ---
   at System.Net.Sockets.Socket.AwaitableSocketAsyncEventArgs.ThrowException(SocketError error, CancellationToken cancellationToken)
   at System.Net.Sockets.Socket.AwaitableSocketAsyncEventArgs.System.Threading.Tasks.Sources.IValueTaskSource<System.Int32>.GetResult(Int16 token)
   at System.Net.Security.SslStream.EnsureFullTlsFrameAsync[TIOAdapter](CancellationToken cancellationToken, Int32 estimatedSize)
   at System.Runtime.CompilerServices.PoolingAsyncValueTaskMethodBuilder`1.StateMachineBox`1.System.Threading.Tasks.Sources.IValueTaskSource<TResult>.GetResult(Int16 token)
   at System.Net.Security.SslStream.ReadAsyncInternal[TIOAdapter](Memory`1 buffer, CancellationToken cancellationToken)
   at System.Runtime.CompilerServices.PoolingAsyncValueTaskMethodBuilder`1.StateMachineBox`1.System.Threading.Tasks.Sources.IValueTaskSource<TResult>.GetResult(Int16 token)
   at System.Net.Http.HttpConnection.SendAsync(HttpRequestMessage request, Boolean async, CancellationToken cancellationToken)
   --- End of inner exception stack trace ---
   at System.Net.Http.HttpConnection.SendAsync(HttpRequestMessage request, Boolean async, CancellationToken cancellationToken)
   at System.Net.Http.AuthenticationHelper.SendWithNtAuthAsync(HttpRequestMessage request, Uri authUri, Boolean async, ICredentials credentials, Boolean isProxyAuth, HttpConnection connection, HttpConnectionPool connectionPool, CancellationToken cancellationToken)
   at System.Net.Http.HttpConnectionPool.SendWithVersionDetectionAndRetryAsync(HttpRequestMessage request, Boolean async, Boolean doRequestAuth, CancellationToken cancellationToken)
   at System.Net.Http.AuthenticationHelper.SendWithAuthAsync(HttpRequestMessage request, Uri authUri, Boolean async, ICredentials credentials, Boolean preAuthenticate, Boolean isProxyAuth, Boolean doRequestAuth, HttpConnectionPool pool, CancellationToken cancellationToken)
   at System.Net.Http.RedirectHandler.SendAsync(HttpRequestMessage request, Boolean async, CancellationToken cancellationToken)
   at GitHub.Services.Common.RawHttpMessageHandler.SendAsync(HttpRequestMessage request, CancellationToken cancellationToken)
   at GitHub.Services.Common.VssHttpRetryMessageHandler.SendAsync(HttpRequestMessage request, CancellationToken cancellationToken)
   at System.Net.Http.HttpClient.<SendAsync>g__Core|83_0(HttpRequestMessage request, HttpCompletionOption completionOption, CancellationTokenSource cts, Boolean disposeCts, CancellationTokenSource pendingRequestsCts, CancellationToken originalCancellationToken)
   --- End of inner exception stack trace ---
   at System.Net.Http.HttpClient.HandleFailure(Exception e, Boolean telemetryStarted, HttpResponseMessage response, CancellationTokenSource cts, CancellationToken cancellationToken, CancellationTokenSource pendingRequestsCts)
   at System.Net.Http.HttpClient.<SendAsync>g__Core|83_0(HttpRequestMessage request, HttpCompletionOption completionOption, CancellationTokenSource cts, Boolean disposeCts, CancellationTokenSource pendingRequestsCts, CancellationToken originalCancellationToken)
   at Sdk.WebApi.WebApi.RawHttpClientBase.SendAsync(HttpRequestMessage message, HttpCompletionOption completionOption, Object userState, CancellationToken cancellationToken)
   at Sdk.WebApi.WebApi.RawHttpClientBase.SendAsync[T](HttpRequestMessage message, Boolean readErrorBody, Object userState, CancellationToken cancellationToken)
   at Sdk.WebApi.WebApi.RawHttpClientBase.SendAsync[T](HttpMethod method, IEnumerable`1 additionalHeaders, Uri requestUri, HttpContent content, IEnumerable`1 queryParameters, Boolean readErrorBody, Object userState, CancellationToken cancellationToken)
   at GitHub.Actions.RunService.WebApi.BrokerHttpClient.GetRunnerMessageAsync(Nullable`1 sessionId, String runnerVersion, Nullable`1 status, String os, String architecture, Nullable`1 disableUpdate, CancellationToken cancellationToken)
   at GitHub.Runner.Common.BrokerServer.<>c__DisplayClass7_0.<<GetRunnerMessageAsync>b__0>d.MoveNext()
--- End of stack trace from previous location ---
   at GitHub.Runner.Common.RunnerService.RetryRequest[T](Func`1 func, CancellationToken cancellationToken, Int32 maxRetryAttemptsCount, Func`2 shouldRetry)
[2025-06-09 16:01:10Z ERR  BrokerServer] #####################################################
[2025-06-09 16:01:10Z ERR  BrokerServer] System.Threading.Tasks.TaskCanceledException: The operation was canceled.
 ---> System.IO.IOException: Unable to read data from the transport connection: Operation canceled.
 ---> System.Net.Sockets.SocketException (125): Operation canceled
   --- End of inner exception stack trace ---
   at System.Net.Sockets.Socket.AwaitableSocketAsyncEventArgs.ThrowException(SocketError error, CancellationToken cancellationToken)
   at System.Net.Sockets.Socket.AwaitableSocketAsyncEventArgs.System.Threading.Tasks.Sources.IValueTaskSource<System.Int32>.GetResult(Int16 token)
   at System.Net.Security.SslStream.EnsureFullTlsFrameAsync[TIOAdapter](CancellationToken cancellationToken, Int32 estimatedSize)
   at System.Runtime.CompilerServices.PoolingAsyncValueTaskMethodBuilder`1.StateMachineBox`1.System.Threading.Tasks.Sources.IValueTaskSource<TResult>.GetResult(Int16 token)
   at System.Net.Security.SslStream.ReadAsyncInternal[TIOAdapter](Memory`1 buffer, CancellationToken cancellationToken)
   at System.Runtime.CompilerServices.PoolingAsyncValueTaskMethodBuilder`1.StateMachineBox`1.System.Threading.Tasks.Sources.IValueTaskSource<TResult>.GetResult(Int16 token)
   at System.Net.Http.HttpConnection.SendAsync(HttpRequestMessage request, Boolean async, CancellationToken cancellationToken)
   --- End of inner exception stack trace ---
   at System.Net.Http.HttpConnection.SendAsync(HttpRequestMessage request, Boolean async, CancellationToken cancellationToken)
   at System.Net.Http.AuthenticationHelper.SendWithNtAuthAsync(HttpRequestMessage request, Uri authUri, Boolean async, ICredentials credentials, Boolean isProxyAuth, HttpConnection connection, HttpConnectionPool connectionPool, CancellationToken cancellationToken)
   at System.Net.Http.HttpConnectionPool.SendWithVersionDetectionAndRetryAsync(HttpRequestMessage request, Boolean async, Boolean doRequestAuth, CancellationToken cancellationToken)
   at System.Net.Http.AuthenticationHelper.SendWithAuthAsync(HttpRequestMessage request, Uri authUri, Boolean async, ICredentials credentials, Boolean preAuthenticate, Boolean isProxyAuth, Boolean doRequestAuth, HttpConnectionPool pool, CancellationToken cancellationToken)
   at System.Net.Http.RedirectHandler.SendAsync(HttpRequestMessage request, Boolean async, CancellationToken cancellationToken)
   at GitHub.Services.Common.RawHttpMessageHandler.SendAsync(HttpRequestMessage request, CancellationToken cancellationToken)
   at GitHub.Services.Common.VssHttpRetryMessageHandler.SendAsync(HttpRequestMessage request, CancellationToken cancellationToken)
   at System.Net.Http.HttpClient.<SendAsync>g__Core|83_0(HttpRequestMessage request, HttpCompletionOption completionOption, CancellationTokenSource cts, Boolean disposeCts, CancellationTokenSource pendingRequestsCts, CancellationToken originalCancellationToken)
[2025-06-09 16:01:10Z ERR  BrokerServer] #####################################################
[2025-06-09 16:01:10Z ERR  BrokerServer] System.IO.IOException: Unable to read data from the transport connection: Operation canceled.
 ---> System.Net.Sockets.SocketException (125): Operation canceled
   --- End of inner exception stack trace ---
   at System.Net.Sockets.Socket.AwaitableSocketAsyncEventArgs.ThrowException(SocketError error, CancellationToken cancellationToken)
   at System.Net.Sockets.Socket.AwaitableSocketAsyncEventArgs.System.Threading.Tasks.Sources.IValueTaskSource<System.Int32>.GetResult(Int16 token)
   at System.Net.Security.SslStream.EnsureFullTlsFrameAsync[TIOAdapter](CancellationToken cancellationToken, Int32 estimatedSize)
   at System.Runtime.CompilerServices.PoolingAsyncValueTaskMethodBuilder`1.StateMachineBox`1.System.Threading.Tasks.Sources.IValueTaskSource<TResult>.GetResult(Int16 token)
   at System.Net.Security.SslStream.ReadAsyncInternal[TIOAdapter](Memory`1 buffer, CancellationToken cancellationToken)
   at System.Runtime.CompilerServices.PoolingAsyncValueTaskMethodBuilder`1.StateMachineBox`1.System.Threading.Tasks.Sources.IValueTaskSource<TResult>.GetResult(Int16 token)
   at System.Net.Http.HttpConnection.SendAsync(HttpRequestMessage request, Boolean async, CancellationToken cancellationToken)
[2025-06-09 16:01:10Z ERR  BrokerServer] #####################################################
[2025-06-09 16:01:10Z ERR  BrokerServer] System.Net.Sockets.SocketException (125): Operation canceled
[2025-06-09 16:01:10Z WARN BrokerServer] Back off 6.182 seconds before next retry. 4 attempt left.
[2025-06-09 16:01:10Z INFO BrokerMessageListener] Get messages has been cancelled using local token source. Continue to get messages with new status.
[2025-06-09 16:36:37Z INFO RSAFileKeyManager] Loading RSA key parameters from file /mnt/c/Users/Georges/Desktop/projects/cloudninja_agl/actions-runner/.credentials_rsaparams
[2025-06-09 16:36:37Z INFO GitHubActionsService] AAD Correlation ID for this token request: Unknown
[2025-06-09 17:26:55Z INFO RSAFileKeyManager] Loading RSA key parameters from file /mnt/c/Users/Georges/Desktop/projects/cloudninja_agl/actions-runner/.credentials_rsaparams
[2025-06-09 17:26:56Z INFO GitHubActionsService] AAD Correlation ID for this token request: Unknown
[2025-06-09 18:17:13Z INFO RSAFileKeyManager] Loading RSA key parameters from file /mnt/c/Users/Georges/Desktop/projects/cloudninja_agl/actions-runner/.credentials_rsaparams
[2025-06-09 18:17:14Z INFO GitHubActionsService] AAD Correlation ID for this token request: Unknown
[2025-06-09 19:07:21Z INFO RSAFileKeyManager] Loading RSA key parameters from file /mnt/c/Users/Georges/Desktop/projects/cloudninja_agl/actions-runner/.credentials_rsaparams
[2025-06-09 19:07:22Z INFO GitHubActionsService] AAD Correlation ID for this token request: Unknown
[2025-06-09 19:57:30Z INFO RSAFileKeyManager] Loading RSA key parameters from file /mnt/c/Users/Georges/Desktop/projects/cloudninja_agl/actions-runner/.credentials_rsaparams
[2025-06-09 19:57:31Z INFO GitHubActionsService] AAD Correlation ID for this token request: Unknown
[2025-06-09 20:47:39Z INFO RSAFileKeyManager] Loading RSA key parameters from file /mnt/c/Users/Georges/Desktop/projects/cloudninja_agl/actions-runner/.credentials_rsaparams
[2025-06-09 20:47:40Z INFO GitHubActionsService] AAD Correlation ID for this token request: Unknown
[2025-06-09 21:37:48Z INFO RSAFileKeyManager] Loading RSA key parameters from file /mnt/c/Users/Georges/Desktop/projects/cloudninja_agl/actions-runner/.credentials_rsaparams
[2025-06-09 21:37:49Z INFO GitHubActionsService] AAD Correlation ID for this token request: Unknown
[2025-06-09 22:27:56Z INFO RSAFileKeyManager] Loading RSA key parameters from file /mnt/c/Users/Georges/Desktop/projects/cloudninja_agl/actions-runner/.credentials_rsaparams
[2025-06-09 22:27:57Z INFO GitHubActionsService] AAD Correlation ID for this token request: Unknown
[2025-06-10 06:58:09Z WARN GitHubActionsService] GET request to https://broker.actions.githubusercontent.com/message?sessionId=9229a93a-083e-4572-9005-e574c0b8d3c0&status=Online&runnerVersion=2.325.0&os=Linux&architecture=X64&disableUpdate=false timed out after 100 seconds.
[2025-06-10 06:58:10Z ERR  BrokerServer] Catch exception during request
[2025-06-10 06:58:10Z ERR  BrokerServer] System.TimeoutException: The HTTP request timed out after 00:01:40.
 ---> System.Threading.Tasks.TaskCanceledException: The operation was canceled.
 ---> System.IO.IOException: Unable to read data from the transport connection: Operation canceled.
 ---> System.Net.Sockets.SocketException (125): Operation canceled
   --- End of inner exception stack trace ---
   at System.Net.Sockets.Socket.AwaitableSocketAsyncEventArgs.ThrowException(SocketError error, CancellationToken cancellationToken)
   at System.Net.Sockets.Socket.AwaitableSocketAsyncEventArgs.System.Threading.Tasks.Sources.IValueTaskSource<System.Int32>.GetResult(Int16 token)
   at System.Net.Security.SslStream.EnsureFullTlsFrameAsync[TIOAdapter](CancellationToken cancellationToken, Int32 estimatedSize)
   at System.Runtime.CompilerServices.PoolingAsyncValueTaskMethodBuilder`1.StateMachineBox`1.System.Threading.Tasks.Sources.IValueTaskSource<TResult>.GetResult(Int16 token)
   at System.Net.Security.SslStream.ReadAsyncInternal[TIOAdapter](Memory`1 buffer, CancellationToken cancellationToken)
   at System.Runtime.CompilerServices.PoolingAsyncValueTaskMethodBuilder`1.StateMachineBox`1.System.Threading.Tasks.Sources.IValueTaskSource<TResult>.GetResult(Int16 token)
   at System.Net.Http.HttpConnection.SendAsync(HttpRequestMessage request, Boolean async, CancellationToken cancellationToken)
   --- End of inner exception stack trace ---
   at System.Net.Http.HttpConnection.SendAsync(HttpRequestMessage request, Boolean async, CancellationToken cancellationToken)
   at System.Net.Http.AuthenticationHelper.SendWithNtAuthAsync(HttpRequestMessage request, Uri authUri, Boolean async, ICredentials credentials, Boolean isProxyAuth, HttpConnection connection, HttpConnectionPool connectionPool, CancellationToken cancellationToken)
   at System.Net.Http.HttpConnectionPool.SendWithVersionDetectionAndRetryAsync(HttpRequestMessage request, Boolean async, Boolean doRequestAuth, CancellationToken cancellationToken)
   at System.Net.Http.AuthenticationHelper.SendWithAuthAsync(HttpRequestMessage request, Uri authUri, Boolean async, ICredentials credentials, Boolean preAuthenticate, Boolean isProxyAuth, Boolean doRequestAuth, HttpConnectionPool pool, CancellationToken cancellationToken)
   at System.Net.Http.RedirectHandler.SendAsync(HttpRequestMessage request, Boolean async, CancellationToken cancellationToken)
   at GitHub.Services.Common.RawHttpMessageHandler.SendAsync(HttpRequestMessage request, CancellationToken cancellationToken)
   --- End of inner exception stack trace ---
   at GitHub.Services.Common.RawHttpMessageHandler.SendAsync(HttpRequestMessage request, CancellationToken cancellationToken)
   at GitHub.Services.Common.VssHttpRetryMessageHandler.SendAsync(HttpRequestMessage request, CancellationToken cancellationToken)
   at System.Net.Http.HttpClient.<SendAsync>g__Core|83_0(HttpRequestMessage request, HttpCompletionOption completionOption, CancellationTokenSource cts, Boolean disposeCts, CancellationTokenSource pendingRequestsCts, CancellationToken originalCancellationToken)
   at Sdk.WebApi.WebApi.RawHttpClientBase.SendAsync(HttpRequestMessage message, HttpCompletionOption completionOption, Object userState, CancellationToken cancellationToken)
   at Sdk.WebApi.WebApi.RawHttpClientBase.SendAsync[T](HttpRequestMessage message, Boolean readErrorBody, Object userState, CancellationToken cancellationToken)
   at Sdk.WebApi.WebApi.RawHttpClientBase.SendAsync[T](HttpMethod method, IEnumerable`1 additionalHeaders, Uri requestUri, HttpContent content, IEnumerable`1 queryParameters, Boolean readErrorBody, Object userState, CancellationToken cancellationToken)
   at GitHub.Actions.RunService.WebApi.BrokerHttpClient.GetRunnerMessageAsync(Nullable`1 sessionId, String runnerVersion, Nullable`1 status, String os, String architecture, Nullable`1 disableUpdate, CancellationToken cancellationToken)
   at GitHub.Runner.Common.BrokerServer.<>c__DisplayClass7_0.<<GetRunnerMessageAsync>b__0>d.MoveNext()
--- End of stack trace from previous location ---
   at GitHub.Runner.Common.RunnerService.RetryRequest[T](Func`1 func, CancellationToken cancellationToken, Int32 maxRetryAttemptsCount, Func`2 shouldRetry)
[2025-06-10 06:58:10Z ERR  BrokerServer] #####################################################
[2025-06-10 06:58:10Z ERR  BrokerServer] System.Threading.Tasks.TaskCanceledException: The operation was canceled.
 ---> System.IO.IOException: Unable to read data from the transport connection: Operation canceled.
 ---> System.Net.Sockets.SocketException (125): Operation canceled
   --- End of inner exception stack trace ---
   at System.Net.Sockets.Socket.AwaitableSocketAsyncEventArgs.ThrowException(SocketError error, CancellationToken cancellationToken)
   at System.Net.Sockets.Socket.AwaitableSocketAsyncEventArgs.System.Threading.Tasks.Sources.IValueTaskSource<System.Int32>.GetResult(Int16 token)
   at System.Net.Security.SslStream.EnsureFullTlsFrameAsync[TIOAdapter](CancellationToken cancellationToken, Int32 estimatedSize)
   at System.Runtime.CompilerServices.PoolingAsyncValueTaskMethodBuilder`1.StateMachineBox`1.System.Threading.Tasks.Sources.IValueTaskSource<TResult>.GetResult(Int16 token)
   at System.Net.Security.SslStream.ReadAsyncInternal[TIOAdapter](Memory`1 buffer, CancellationToken cancellationToken)
   at System.Runtime.CompilerServices.PoolingAsyncValueTaskMethodBuilder`1.StateMachineBox`1.System.Threading.Tasks.Sources.IValueTaskSource<TResult>.GetResult(Int16 token)
   at System.Net.Http.HttpConnection.SendAsync(HttpRequestMessage request, Boolean async, CancellationToken cancellationToken)
   --- End of inner exception stack trace ---
   at System.Net.Http.HttpConnection.SendAsync(HttpRequestMessage request, Boolean async, CancellationToken cancellationToken)
   at System.Net.Http.AuthenticationHelper.SendWithNtAuthAsync(HttpRequestMessage request, Uri authUri, Boolean async, ICredentials credentials, Boolean isProxyAuth, HttpConnection connection, HttpConnectionPool connectionPool, CancellationToken cancellationToken)
   at System.Net.Http.HttpConnectionPool.SendWithVersionDetectionAndRetryAsync(HttpRequestMessage request, Boolean async, Boolean doRequestAuth, CancellationToken cancellationToken)
   at System.Net.Http.AuthenticationHelper.SendWithAuthAsync(HttpRequestMessage request, Uri authUri, Boolean async, ICredentials credentials, Boolean preAuthenticate, Boolean isProxyAuth, Boolean doRequestAuth, HttpConnectionPool pool, CancellationToken cancellationToken)
   at System.Net.Http.RedirectHandler.SendAsync(HttpRequestMessage request, Boolean async, CancellationToken cancellationToken)
   at GitHub.Services.Common.RawHttpMessageHandler.SendAsync(HttpRequestMessage request, CancellationToken cancellationToken)
[2025-06-10 06:58:10Z ERR  BrokerServer] #####################################################
[2025-06-10 06:58:10Z ERR  BrokerServer] System.IO.IOException: Unable to read data from the transport connection: Operation canceled.
 ---> System.Net.Sockets.SocketException (125): Operation canceled
   --- End of inner exception stack trace ---
   at System.Net.Sockets.Socket.AwaitableSocketAsyncEventArgs.ThrowException(SocketError error, CancellationToken cancellationToken)
   at System.Net.Sockets.Socket.AwaitableSocketAsyncEventArgs.System.Threading.Tasks.Sources.IValueTaskSource<System.Int32>.GetResult(Int16 token)
   at System.Net.Security.SslStream.EnsureFullTlsFrameAsync[TIOAdapter](CancellationToken cancellationToken, Int32 estimatedSize)
   at System.Runtime.CompilerServices.PoolingAsyncValueTaskMethodBuilder`1.StateMachineBox`1.System.Threading.Tasks.Sources.IValueTaskSource<TResult>.GetResult(Int16 token)
   at System.Net.Security.SslStream.ReadAsyncInternal[TIOAdapter](Memory`1 buffer, CancellationToken cancellationToken)
   at System.Runtime.CompilerServices.PoolingAsyncValueTaskMethodBuilder`1.StateMachineBox`1.System.Threading.Tasks.Sources.IValueTaskSource<TResult>.GetResult(Int16 token)
   at System.Net.Http.HttpConnection.SendAsync(HttpRequestMessage request, Boolean async, CancellationToken cancellationToken)
[2025-06-10 06:58:10Z ERR  BrokerServer] #####################################################
[2025-06-10 06:58:10Z ERR  BrokerServer] System.Net.Sockets.SocketException (125): Operation canceled
[2025-06-10 06:58:10Z WARN BrokerServer] Back off 6.693 seconds before next retry. 4 attempt left.
[2025-06-10 06:58:17Z INFO RSAFileKeyManager] Loading RSA key parameters from file /mnt/c/Users/Georges/Desktop/projects/cloudninja_agl/actions-runner/.credentials_rsaparams
[2025-06-10 06:58:19Z INFO GitHubActionsService] AAD Correlation ID for this token request: Unknown
[2025-06-10 07:48:28Z INFO RSAFileKeyManager] Loading RSA key parameters from file /mnt/c/Users/Georges/Desktop/projects/cloudninja_agl/actions-runner/.credentials_rsaparams
[2025-06-10 07:48:29Z INFO GitHubActionsService] AAD Correlation ID for this token request: Unknown
[2025-06-10 08:38:36Z INFO RSAFileKeyManager] Loading RSA key parameters from file /mnt/c/Users/Georges/Desktop/projects/cloudninja_agl/actions-runner/.credentials_rsaparams
[2025-06-10 08:38:37Z INFO GitHubActionsService] AAD Correlation ID for this token request: Unknown
[2025-06-10 09:28:45Z INFO RSAFileKeyManager] Loading RSA key parameters from file /mnt/c/Users/Georges/Desktop/projects/cloudninja_agl/actions-runner/.credentials_rsaparams
[2025-06-10 09:28:45Z INFO GitHubActionsService] AAD Correlation ID for this token request: Unknown
[2025-06-10 10:18:53Z INFO RSAFileKeyManager] Loading RSA key parameters from file /mnt/c/Users/Georges/Desktop/projects/cloudninja_agl/actions-runner/.credentials_rsaparams
[2025-06-10 10:18:54Z INFO GitHubActionsService] AAD Correlation ID for this token request: Unknown
[2025-06-10 11:09:02Z INFO RSAFileKeyManager] Loading RSA key parameters from file /mnt/c/Users/Georges/Desktop/projects/cloudninja_agl/actions-runner/.credentials_rsaparams
[2025-06-10 11:09:03Z INFO GitHubActionsService] AAD Correlation ID for this token request: Unknown
[2025-06-10 11:59:10Z INFO RSAFileKeyManager] Loading RSA key parameters from file /mnt/c/Users/Georges/Desktop/projects/cloudninja_agl/actions-runner/.credentials_rsaparams
[2025-06-10 11:59:11Z INFO GitHubActionsService] AAD Correlation ID for this token request: Unknown
[2025-06-10 12:49:21Z INFO RSAFileKeyManager] Loading RSA key parameters from file /mnt/c/Users/Georges/Desktop/projects/cloudninja_agl/actions-runner/.credentials_rsaparams
[2025-06-10 12:49:22Z INFO GitHubActionsService] AAD Correlation ID for this token request: Unknown
[2025-06-10 13:39:29Z INFO RSAFileKeyManager] Loading RSA key parameters from file /mnt/c/Users/Georges/Desktop/projects/cloudninja_agl/actions-runner/.credentials_rsaparams
[2025-06-10 13:39:30Z INFO GitHubActionsService] AAD Correlation ID for this token request: Unknown
[2025-06-10 14:29:38Z INFO RSAFileKeyManager] Loading RSA key parameters from file /mnt/c/Users/Georges/Desktop/projects/cloudninja_agl/actions-runner/.credentials_rsaparams
[2025-06-10 14:29:39Z INFO GitHubActionsService] AAD Correlation ID for this token request: Unknown
[2025-06-11 07:06:12Z WARN GitHubActionsService] GET request to https://broker.actions.githubusercontent.com/message?sessionId=9229a93a-083e-4572-9005-e574c0b8d3c0&status=Online&runnerVersion=2.325.0&os=Linux&architecture=X64&disableUpdate=false timed out after 100 seconds.
[2025-06-11 07:06:12Z ERR  BrokerServer] Catch exception during request
[2025-06-11 07:06:13Z ERR  BrokerServer] System.TimeoutException: The HTTP request timed out after 00:01:40.
 ---> System.Threading.Tasks.TaskCanceledException: The operation was canceled.
 ---> System.IO.IOException: Unable to read data from the transport connection: Operation canceled.
 ---> System.Net.Sockets.SocketException (125): Operation canceled
   --- End of inner exception stack trace ---
   at System.Net.Sockets.Socket.AwaitableSocketAsyncEventArgs.ThrowException(SocketError error, CancellationToken cancellationToken)
   at System.Net.Sockets.Socket.AwaitableSocketAsyncEventArgs.System.Threading.Tasks.Sources.IValueTaskSource<System.Int32>.GetResult(Int16 token)
   at System.Net.Security.SslStream.EnsureFullTlsFrameAsync[TIOAdapter](CancellationToken cancellationToken, Int32 estimatedSize)
   at System.Runtime.CompilerServices.PoolingAsyncValueTaskMethodBuilder`1.StateMachineBox`1.System.Threading.Tasks.Sources.IValueTaskSource<TResult>.GetResult(Int16 token)
   at System.Net.Security.SslStream.ReadAsyncInternal[TIOAdapter](Memory`1 buffer, CancellationToken cancellationToken)
   at System.Runtime.CompilerServices.PoolingAsyncValueTaskMethodBuilder`1.StateMachineBox`1.System.Threading.Tasks.Sources.IValueTaskSource<TResult>.GetResult(Int16 token)
   at System.Net.Http.HttpConnection.SendAsync(HttpRequestMessage request, Boolean async, CancellationToken cancellationToken)
   --- End of inner exception stack trace ---
   at System.Net.Http.HttpConnection.SendAsync(HttpRequestMessage request, Boolean async, CancellationToken cancellationToken)
   at System.Net.Http.AuthenticationHelper.SendWithNtAuthAsync(HttpRequestMessage request, Uri authUri, Boolean async, ICredentials credentials, Boolean isProxyAuth, HttpConnection connection, HttpConnectionPool connectionPool, CancellationToken cancellationToken)
   at System.Net.Http.HttpConnectionPool.SendWithVersionDetectionAndRetryAsync(HttpRequestMessage request, Boolean async, Boolean doRequestAuth, CancellationToken cancellationToken)
   at System.Net.Http.AuthenticationHelper.SendWithAuthAsync(HttpRequestMessage request, Uri authUri, Boolean async, ICredentials credentials, Boolean preAuthenticate, Boolean isProxyAuth, Boolean doRequestAuth, HttpConnectionPool pool, CancellationToken cancellationToken)
   at System.Net.Http.RedirectHandler.SendAsync(HttpRequestMessage request, Boolean async, CancellationToken cancellationToken)
   at GitHub.Services.Common.RawHttpMessageHandler.SendAsync(HttpRequestMessage request, CancellationToken cancellationToken)
   --- End of inner exception stack trace ---
   at GitHub.Services.Common.RawHttpMessageHandler.SendAsync(HttpRequestMessage request, CancellationToken cancellationToken)
   at GitHub.Services.Common.VssHttpRetryMessageHandler.SendAsync(HttpRequestMessage request, CancellationToken cancellationToken)
   at System.Net.Http.HttpClient.<SendAsync>g__Core|83_0(HttpRequestMessage request, HttpCompletionOption completionOption, CancellationTokenSource cts, Boolean disposeCts, CancellationTokenSource pendingRequestsCts, CancellationToken originalCancellationToken)
   at Sdk.WebApi.WebApi.RawHttpClientBase.SendAsync(HttpRequestMessage message, HttpCompletionOption completionOption, Object userState, CancellationToken cancellationToken)
   at Sdk.WebApi.WebApi.RawHttpClientBase.SendAsync[T](HttpRequestMessage message, Boolean readErrorBody, Object userState, CancellationToken cancellationToken)
   at Sdk.WebApi.WebApi.RawHttpClientBase.SendAsync[T](HttpMethod method, IEnumerable`1 additionalHeaders, Uri requestUri, HttpContent content, IEnumerable`1 queryParameters, Boolean readErrorBody, Object userState, CancellationToken cancellationToken)
   at GitHub.Actions.RunService.WebApi.BrokerHttpClient.GetRunnerMessageAsync(Nullable`1 sessionId, String runnerVersion, Nullable`1 status, String os, String architecture, Nullable`1 disableUpdate, CancellationToken cancellationToken)
   at GitHub.Runner.Common.BrokerServer.<>c__DisplayClass7_0.<<GetRunnerMessageAsync>b__0>d.MoveNext()
--- End of stack trace from previous location ---
   at GitHub.Runner.Common.RunnerService.RetryRequest[T](Func`1 func, CancellationToken cancellationToken, Int32 maxRetryAttemptsCount, Func`2 shouldRetry)
[2025-06-11 07:06:13Z ERR  BrokerServer] #####################################################
[2025-06-11 07:06:13Z ERR  BrokerServer] System.Threading.Tasks.TaskCanceledException: The operation was canceled.
 ---> System.IO.IOException: Unable to read data from the transport connection: Operation canceled.
 ---> System.Net.Sockets.SocketException (125): Operation canceled
   --- End of inner exception stack trace ---
   at System.Net.Sockets.Socket.AwaitableSocketAsyncEventArgs.ThrowException(SocketError error, CancellationToken cancellationToken)
   at System.Net.Sockets.Socket.AwaitableSocketAsyncEventArgs.System.Threading.Tasks.Sources.IValueTaskSource<System.Int32>.GetResult(Int16 token)
   at System.Net.Security.SslStream.EnsureFullTlsFrameAsync[TIOAdapter](CancellationToken cancellationToken, Int32 estimatedSize)
   at System.Runtime.CompilerServices.PoolingAsyncValueTaskMethodBuilder`1.StateMachineBox`1.System.Threading.Tasks.Sources.IValueTaskSource<TResult>.GetResult(Int16 token)
   at System.Net.Security.SslStream.ReadAsyncInternal[TIOAdapter](Memory`1 buffer, CancellationToken cancellationToken)
   at System.Runtime.CompilerServices.PoolingAsyncValueTaskMethodBuilder`1.StateMachineBox`1.System.Threading.Tasks.Sources.IValueTaskSource<TResult>.GetResult(Int16 token)
   at System.Net.Http.HttpConnection.SendAsync(HttpRequestMessage request, Boolean async, CancellationToken cancellationToken)
   --- End of inner exception stack trace ---
   at System.Net.Http.HttpConnection.SendAsync(HttpRequestMessage request, Boolean async, CancellationToken cancellationToken)
   at System.Net.Http.AuthenticationHelper.SendWithNtAuthAsync(HttpRequestMessage request, Uri authUri, Boolean async, ICredentials credentials, Boolean isProxyAuth, HttpConnection connection, HttpConnectionPool connectionPool, CancellationToken cancellationToken)
   at System.Net.Http.HttpConnectionPool.SendWithVersionDetectionAndRetryAsync(HttpRequestMessage request, Boolean async, Boolean doRequestAuth, CancellationToken cancellationToken)
   at System.Net.Http.AuthenticationHelper.SendWithAuthAsync(HttpRequestMessage request, Uri authUri, Boolean async, ICredentials credentials, Boolean preAuthenticate, Boolean isProxyAuth, Boolean doRequestAuth, HttpConnectionPool pool, CancellationToken cancellationToken)
   at System.Net.Http.RedirectHandler.SendAsync(HttpRequestMessage request, Boolean async, CancellationToken cancellationToken)
   at GitHub.Services.Common.RawHttpMessageHandler.SendAsync(HttpRequestMessage request, CancellationToken cancellationToken)
[2025-06-11 07:06:13Z ERR  BrokerServer] #####################################################
[2025-06-11 07:06:13Z ERR  BrokerServer] System.IO.IOException: Unable to read data from the transport connection: Operation canceled.
 ---> System.Net.Sockets.SocketException (125): Operation canceled
   --- End of inner exception stack trace ---
   at System.Net.Sockets.Socket.AwaitableSocketAsyncEventArgs.ThrowException(SocketError error, CancellationToken cancellationToken)
   at System.Net.Sockets.Socket.AwaitableSocketAsyncEventArgs.System.Threading.Tasks.Sources.IValueTaskSource<System.Int32>.GetResult(Int16 token)
   at System.Net.Security.SslStream.EnsureFullTlsFrameAsync[TIOAdapter](CancellationToken cancellationToken, Int32 estimatedSize)
   at System.Runtime.CompilerServices.PoolingAsyncValueTaskMethodBuilder`1.StateMachineBox`1.System.Threading.Tasks.Sources.IValueTaskSource<TResult>.GetResult(Int16 token)
   at System.Net.Security.SslStream.ReadAsyncInternal[TIOAdapter](Memory`1 buffer, CancellationToken cancellationToken)
   at System.Runtime.CompilerServices.PoolingAsyncValueTaskMethodBuilder`1.StateMachineBox`1.System.Threading.Tasks.Sources.IValueTaskSource<TResult>.GetResult(Int16 token)
   at System.Net.Http.HttpConnection.SendAsync(HttpRequestMessage request, Boolean async, CancellationToken cancellationToken)
[2025-06-11 07:06:13Z ERR  BrokerServer] #####################################################
[2025-06-11 07:06:13Z ERR  BrokerServer] System.Net.Sockets.SocketException (125): Operation canceled
[2025-06-11 07:06:13Z WARN BrokerServer] Back off 7.663 seconds before next retry. 4 attempt left.
[2025-06-11 07:06:24Z INFO RSAFileKeyManager] Loading RSA key parameters from file /mnt/c/Users/Georges/Desktop/projects/cloudninja_agl/actions-runner/.credentials_rsaparams
[2025-06-11 07:06:24Z INFO GitHubActionsService] AAD Correlation ID for this token request: Unknown
[2025-06-11 07:56:33Z INFO RSAFileKeyManager] Loading RSA key parameters from file /mnt/c/Users/Georges/Desktop/projects/cloudninja_agl/actions-runner/.credentials_rsaparams
[2025-06-11 07:56:36Z INFO GitHubActionsService] AAD Correlation ID for this token request: Unknown
[2025-06-11 07:56:36Z WARN GitHubActionsService] Retrieving an AAD auth token took a long time (2.8046077 seconds)
[2025-06-11 08:46:44Z INFO RSAFileKeyManager] Loading RSA key parameters from file /mnt/c/Users/Georges/Desktop/projects/cloudninja_agl/actions-runner/.credentials_rsaparams
[2025-06-11 08:46:45Z INFO GitHubActionsService] AAD Correlation ID for this token request: Unknown
[2025-06-11 09:36:53Z INFO RSAFileKeyManager] Loading RSA key parameters from file /mnt/c/Users/Georges/Desktop/projects/cloudninja_agl/actions-runner/.credentials_rsaparams
[2025-06-11 09:36:54Z INFO GitHubActionsService] AAD Correlation ID for this token request: Unknown
[2025-06-11 10:27:02Z INFO RSAFileKeyManager] Loading RSA key parameters from file /mnt/c/Users/Georges/Desktop/projects/cloudninja_agl/actions-runner/.credentials_rsaparams
[2025-06-11 10:27:03Z INFO GitHubActionsService] AAD Correlation ID for this token request: Unknown
[2025-06-11 11:17:11Z INFO RSAFileKeyManager] Loading RSA key parameters from file /mnt/c/Users/Georges/Desktop/projects/cloudninja_agl/actions-runner/.credentials_rsaparams
[2025-06-11 11:17:12Z INFO GitHubActionsService] AAD Correlation ID for this token request: Unknown
[2025-06-11 20:05:14Z WARN GitHubActionsService] GET request to https://broker.actions.githubusercontent.com/message?sessionId=9229a93a-083e-4572-9005-e574c0b8d3c0&status=Online&runnerVersion=2.325.0&os=Linux&architecture=X64&disableUpdate=false timed out after 100 seconds.
[2025-06-11 20:05:14Z ERR  BrokerServer] Catch exception during request
[2025-06-11 20:05:15Z ERR  BrokerServer] System.TimeoutException: The HTTP request timed out after 00:01:40.
 ---> System.Threading.Tasks.TaskCanceledException: The operation was canceled.
 ---> System.IO.IOException: Unable to read data from the transport connection: Operation canceled.
 ---> System.Net.Sockets.SocketException (125): Operation canceled
   --- End of inner exception stack trace ---
   at System.Net.Sockets.Socket.AwaitableSocketAsyncEventArgs.ThrowException(SocketError error, CancellationToken cancellationToken)
   at System.Net.Sockets.Socket.AwaitableSocketAsyncEventArgs.System.Threading.Tasks.Sources.IValueTaskSource<System.Int32>.GetResult(Int16 token)
   at System.Net.Security.SslStream.EnsureFullTlsFrameAsync[TIOAdapter](CancellationToken cancellationToken, Int32 estimatedSize)
   at System.Runtime.CompilerServices.PoolingAsyncValueTaskMethodBuilder`1.StateMachineBox`1.System.Threading.Tasks.Sources.IValueTaskSource<TResult>.GetResult(Int16 token)
   at System.Net.Security.SslStream.ReadAsyncInternal[TIOAdapter](Memory`1 buffer, CancellationToken cancellationToken)
   at System.Runtime.CompilerServices.PoolingAsyncValueTaskMethodBuilder`1.StateMachineBox`1.System.Threading.Tasks.Sources.IValueTaskSource<TResult>.GetResult(Int16 token)
   at System.Net.Http.HttpConnection.SendAsync(HttpRequestMessage request, Boolean async, CancellationToken cancellationToken)
   --- End of inner exception stack trace ---
   at System.Net.Http.HttpConnection.SendAsync(HttpRequestMessage request, Boolean async, CancellationToken cancellationToken)
   at System.Net.Http.AuthenticationHelper.SendWithNtAuthAsync(HttpRequestMessage request, Uri authUri, Boolean async, ICredentials credentials, Boolean isProxyAuth, HttpConnection connection, HttpConnectionPool connectionPool, CancellationToken cancellationToken)
   at System.Net.Http.HttpConnectionPool.SendWithVersionDetectionAndRetryAsync(HttpRequestMessage request, Boolean async, Boolean doRequestAuth, CancellationToken cancellationToken)
   at System.Net.Http.AuthenticationHelper.SendWithAuthAsync(HttpRequestMessage request, Uri authUri, Boolean async, ICredentials credentials, Boolean preAuthenticate, Boolean isProxyAuth, Boolean doRequestAuth, HttpConnectionPool pool, CancellationToken cancellationToken)
   at System.Net.Http.RedirectHandler.SendAsync(HttpRequestMessage request, Boolean async, CancellationToken cancellationToken)
   at GitHub.Services.Common.RawHttpMessageHandler.SendAsync(HttpRequestMessage request, CancellationToken cancellationToken)
   --- End of inner exception stack trace ---
   at GitHub.Services.Common.RawHttpMessageHandler.SendAsync(HttpRequestMessage request, CancellationToken cancellationToken)
   at GitHub.Services.Common.VssHttpRetryMessageHandler.SendAsync(HttpRequestMessage request, CancellationToken cancellationToken)
   at System.Net.Http.HttpClient.<SendAsync>g__Core|83_0(HttpRequestMessage request, HttpCompletionOption completionOption, CancellationTokenSource cts, Boolean disposeCts, CancellationTokenSource pendingRequestsCts, CancellationToken originalCancellationToken)
   at Sdk.WebApi.WebApi.RawHttpClientBase.SendAsync(HttpRequestMessage message, HttpCompletionOption completionOption, Object userState, CancellationToken cancellationToken)
   at Sdk.WebApi.WebApi.RawHttpClientBase.SendAsync[T](HttpRequestMessage message, Boolean readErrorBody, Object userState, CancellationToken cancellationToken)
   at Sdk.WebApi.WebApi.RawHttpClientBase.SendAsync[T](HttpMethod method, IEnumerable`1 additionalHeaders, Uri requestUri, HttpContent content, IEnumerable`1 queryParameters, Boolean readErrorBody, Object userState, CancellationToken cancellationToken)
   at GitHub.Actions.RunService.WebApi.BrokerHttpClient.GetRunnerMessageAsync(Nullable`1 sessionId, String runnerVersion, Nullable`1 status, String os, String architecture, Nullable`1 disableUpdate, CancellationToken cancellationToken)
   at GitHub.Runner.Common.BrokerServer.<>c__DisplayClass7_0.<<GetRunnerMessageAsync>b__0>d.MoveNext()
--- End of stack trace from previous location ---
   at GitHub.Runner.Common.RunnerService.RetryRequest[T](Func`1 func, CancellationToken cancellationToken, Int32 maxRetryAttemptsCount, Func`2 shouldRetry)
[2025-06-11 20:05:15Z ERR  BrokerServer] #####################################################
[2025-06-11 20:05:15Z ERR  BrokerServer] System.Threading.Tasks.TaskCanceledException: The operation was canceled.
 ---> System.IO.IOException: Unable to read data from the transport connection: Operation canceled.
 ---> System.Net.Sockets.SocketException (125): Operation canceled
   --- End of inner exception stack trace ---
   at System.Net.Sockets.Socket.AwaitableSocketAsyncEventArgs.ThrowException(SocketError error, CancellationToken cancellationToken)
   at System.Net.Sockets.Socket.AwaitableSocketAsyncEventArgs.System.Threading.Tasks.Sources.IValueTaskSource<System.Int32>.GetResult(Int16 token)
   at System.Net.Security.SslStream.EnsureFullTlsFrameAsync[TIOAdapter](CancellationToken cancellationToken, Int32 estimatedSize)
   at System.Runtime.CompilerServices.PoolingAsyncValueTaskMethodBuilder`1.StateMachineBox`1.System.Threading.Tasks.Sources.IValueTaskSource<TResult>.GetResult(Int16 token)
   at System.Net.Security.SslStream.ReadAsyncInternal[TIOAdapter](Memory`1 buffer, CancellationToken cancellationToken)
   at System.Runtime.CompilerServices.PoolingAsyncValueTaskMethodBuilder`1.StateMachineBox`1.System.Threading.Tasks.Sources.IValueTaskSource<TResult>.GetResult(Int16 token)
   at System.Net.Http.HttpConnection.SendAsync(HttpRequestMessage request, Boolean async, CancellationToken cancellationToken)
   --- End of inner exception stack trace ---
   at System.Net.Http.HttpConnection.SendAsync(HttpRequestMessage request, Boolean async, CancellationToken cancellationToken)
   at System.Net.Http.AuthenticationHelper.SendWithNtAuthAsync(HttpRequestMessage request, Uri authUri, Boolean async, ICredentials credentials, Boolean isProxyAuth, HttpConnection connection, HttpConnectionPool connectionPool, CancellationToken cancellationToken)
   at System.Net.Http.HttpConnectionPool.SendWithVersionDetectionAndRetryAsync(HttpRequestMessage request, Boolean async, Boolean doRequestAuth, CancellationToken cancellationToken)
   at System.Net.Http.AuthenticationHelper.SendWithAuthAsync(HttpRequestMessage request, Uri authUri, Boolean async, ICredentials credentials, Boolean preAuthenticate, Boolean isProxyAuth, Boolean doRequestAuth, HttpConnectionPool pool, CancellationToken cancellationToken)
   at System.Net.Http.RedirectHandler.SendAsync(HttpRequestMessage request, Boolean async, CancellationToken cancellationToken)
   at GitHub.Services.Common.RawHttpMessageHandler.SendAsync(HttpRequestMessage request, CancellationToken cancellationToken)
[2025-06-11 20:05:15Z ERR  BrokerServer] #####################################################
[2025-06-11 20:05:15Z ERR  BrokerServer] System.IO.IOException: Unable to read data from the transport connection: Operation canceled.
 ---> System.Net.Sockets.SocketException (125): Operation canceled
   --- End of inner exception stack trace ---
   at System.Net.Sockets.Socket.AwaitableSocketAsyncEventArgs.ThrowException(SocketError error, CancellationToken cancellationToken)
   at System.Net.Sockets.Socket.AwaitableSocketAsyncEventArgs.System.Threading.Tasks.Sources.IValueTaskSource<System.Int32>.GetResult(Int16 token)
   at System.Net.Security.SslStream.EnsureFullTlsFrameAsync[TIOAdapter](CancellationToken cancellationToken, Int32 estimatedSize)
   at System.Runtime.CompilerServices.PoolingAsyncValueTaskMethodBuilder`1.StateMachineBox`1.System.Threading.Tasks.Sources.IValueTaskSource<TResult>.GetResult(Int16 token)
   at System.Net.Security.SslStream.ReadAsyncInternal[TIOAdapter](Memory`1 buffer, CancellationToken cancellationToken)
   at System.Runtime.CompilerServices.PoolingAsyncValueTaskMethodBuilder`1.StateMachineBox`1.System.Threading.Tasks.Sources.IValueTaskSource<TResult>.GetResult(Int16 token)
   at System.Net.Http.HttpConnection.SendAsync(HttpRequestMessage request, Boolean async, CancellationToken cancellationToken)
[2025-06-11 20:05:15Z ERR  BrokerServer] #####################################################
[2025-06-11 20:05:15Z ERR  BrokerServer] System.Net.Sockets.SocketException (125): Operation canceled
[2025-06-11 20:05:15Z WARN BrokerServer] Back off 14.329 seconds before next retry. 4 attempt left.
[2025-06-11 20:05:33Z INFO RSAFileKeyManager] Loading RSA key parameters from file /mnt/c/Users/Georges/Desktop/projects/cloudninja_agl/actions-runner/.credentials_rsaparams
[2025-06-11 20:05:33Z INFO GitHubActionsService] AAD Correlation ID for this token request: Unknown
[2025-06-11 20:55:44Z INFO RSAFileKeyManager] Loading RSA key parameters from file /mnt/c/Users/Georges/Desktop/projects/cloudninja_agl/actions-runner/.credentials_rsaparams
[2025-06-11 20:55:45Z INFO GitHubActionsService] AAD Correlation ID for this token request: Unknown
[2025-06-11 21:45:59Z INFO RSAFileKeyManager] Loading RSA key parameters from file /mnt/c/Users/Georges/Desktop/projects/cloudninja_agl/actions-runner/.credentials_rsaparams
[2025-06-11 21:46:00Z INFO GitHubActionsService] AAD Correlation ID for this token request: Unknown
[2025-06-11 22:34:17Z INFO Terminal] WRITE LINE: Exiting...
[2025-06-11 22:34:17Z INFO ConfigurationStore] IsServiceConfigured()
[2025-06-11 22:34:17Z INFO ConfigurationStore] IsServiceConfigured: False
[2025-06-11 22:34:17Z INFO HostContext] Runner will be shutdown for UserCancelled
[2025-06-11 22:34:18Z WARN GitHubActionsService] GET request to https://broker.actions.githubusercontent.com/message?sessionId=9229a93a-083e-4572-9005-e574c0b8d3c0&status=Online&runnerVersion=2.325.0&os=Linux&architecture=X64&disableUpdate=false has been cancelled.
[2025-06-11 22:34:18Z ERR  BrokerServer] Catch exception during request
[2025-06-11 22:34:18Z ERR  BrokerServer] System.Threading.Tasks.TaskCanceledException: The operation was canceled.
 ---> System.Threading.Tasks.TaskCanceledException: The operation was canceled.
 ---> System.IO.IOException: The read operation failed, see inner exception.
 ---> System.ObjectDisposedException: Cannot access a disposed object.
Object name: 'System.Net.Sockets.NetworkStream'.
   at System.Net.Sockets.NetworkStream.ReadAsync(Memory`1 buffer, CancellationToken cancellationToken)
   at System.Net.Security.SslStream.EnsureFullTlsFrameAsync[TIOAdapter](CancellationToken cancellationToken, Int32 estimatedSize)
   at System.Runtime.CompilerServices.PoolingAsyncValueTaskMethodBuilder`1.StateMachineBox`1.System.Threading.Tasks.Sources.IValueTaskSource<TResult>.GetResult(Int16 token)
   at System.Net.Security.SslStream.ReadAsyncInternal[TIOAdapter](Memory`1 buffer, CancellationToken cancellationToken)
   --- End of inner exception stack trace ---
   at System.Net.Security.SslStream.ReadAsyncInternal[TIOAdapter](Memory`1 buffer, CancellationToken cancellationToken)
   at System.Runtime.CompilerServices.PoolingAsyncValueTaskMethodBuilder`1.StateMachineBox`1.System.Threading.Tasks.Sources.IValueTaskSource<TResult>.GetResult(Int16 token)
   at System.Net.Http.HttpConnection.SendAsync(HttpRequestMessage request, Boolean async, CancellationToken cancellationToken)
   --- End of inner exception stack trace ---
   at System.Net.Http.HttpConnection.SendAsync(HttpRequestMessage request, Boolean async, CancellationToken cancellationToken)
   at System.Net.Http.AuthenticationHelper.SendWithNtAuthAsync(HttpRequestMessage request, Uri authUri, Boolean async, ICredentials credentials, Boolean isProxyAuth, HttpConnection connection, HttpConnectionPool connectionPool, CancellationToken cancellationToken)
   at System.Net.Http.HttpConnectionPool.SendWithVersionDetectionAndRetryAsync(HttpRequestMessage request, Boolean async, Boolean doRequestAuth, CancellationToken cancellationToken)
   at System.Net.Http.AuthenticationHelper.SendWithAuthAsync(HttpRequestMessage request, Uri authUri, Boolean async, ICredentials credentials, Boolean preAuthenticate, Boolean isProxyAuth, Boolean doRequestAuth, HttpConnectionPool pool, CancellationToken cancellationToken)
   at System.Net.Http.RedirectHandler.SendAsync(HttpRequestMessage request, Boolean async, CancellationToken cancellationToken)
   at GitHub.Services.Common.RawHttpMessageHandler.SendAsync(HttpRequestMessage request, CancellationToken cancellationToken)
   at GitHub.Services.Common.VssHttpRetryMessageHandler.SendAsync(HttpRequestMessage request, CancellationToken cancellationToken)
   at System.Net.Http.HttpClient.<SendAsync>g__Core|83_0(HttpRequestMessage request, HttpCompletionOption completionOption, CancellationTokenSource cts, Boolean disposeCts, CancellationTokenSource pendingRequestsCts, CancellationToken originalCancellationToken)
   --- End of inner exception stack trace ---
   at System.Net.Http.HttpClient.HandleFailure(Exception e, Boolean telemetryStarted, HttpResponseMessage response, CancellationTokenSource cts, CancellationToken cancellationToken, CancellationTokenSource pendingRequestsCts)
   at System.Net.Http.HttpClient.<SendAsync>g__Core|83_0(HttpRequestMessage request, HttpCompletionOption completionOption, CancellationTokenSource cts, Boolean disposeCts, CancellationTokenSource pendingRequestsCts, CancellationToken originalCancellationToken)
   at Sdk.WebApi.WebApi.RawHttpClientBase.SendAsync(HttpRequestMessage message, HttpCompletionOption completionOption, Object userState, CancellationToken cancellationToken)
   at Sdk.WebApi.WebApi.RawHttpClientBase.SendAsync[T](HttpRequestMessage message, Boolean readErrorBody, Object userState, CancellationToken cancellationToken)
   at Sdk.WebApi.WebApi.RawHttpClientBase.SendAsync[T](HttpMethod method, IEnumerable`1 additionalHeaders, Uri requestUri, HttpContent content, IEnumerable`1 queryParameters, Boolean readErrorBody, Object userState, CancellationToken cancellationToken)
   at GitHub.Actions.RunService.WebApi.BrokerHttpClient.GetRunnerMessageAsync(Nullable`1 sessionId, String runnerVersion, Nullable`1 status, String os, String architecture, Nullable`1 disableUpdate, CancellationToken cancellationToken)
   at GitHub.Runner.Common.BrokerServer.<>c__DisplayClass7_0.<<GetRunnerMessageAsync>b__0>d.MoveNext()
--- End of stack trace from previous location ---
   at GitHub.Runner.Common.RunnerService.RetryRequest[T](Func`1 func, CancellationToken cancellationToken, Int32 maxRetryAttemptsCount, Func`2 shouldRetry)
[2025-06-11 22:34:18Z ERR  BrokerServer] #####################################################
[2025-06-11 22:34:18Z ERR  BrokerServer] System.Threading.Tasks.TaskCanceledException: The operation was canceled.
 ---> System.IO.IOException: The read operation failed, see inner exception.
 ---> System.ObjectDisposedException: Cannot access a disposed object.
Object name: 'System.Net.Sockets.NetworkStream'.
   at System.Net.Sockets.NetworkStream.ReadAsync(Memory`1 buffer, CancellationToken cancellationToken)
   at System.Net.Security.SslStream.EnsureFullTlsFrameAsync[TIOAdapter](CancellationToken cancellationToken, Int32 estimatedSize)
   at System.Runtime.CompilerServices.PoolingAsyncValueTaskMethodBuilder`1.StateMachineBox`1.System.Threading.Tasks.Sources.IValueTaskSource<TResult>.GetResult(Int16 token)
   at System.Net.Security.SslStream.ReadAsyncInternal[TIOAdapter](Memory`1 buffer, CancellationToken cancellationToken)
   --- End of inner exception stack trace ---
   at System.Net.Security.SslStream.ReadAsyncInternal[TIOAdapter](Memory`1 buffer, CancellationToken cancellationToken)
   at System.Runtime.CompilerServices.PoolingAsyncValueTaskMethodBuilder`1.StateMachineBox`1.System.Threading.Tasks.Sources.IValueTaskSource<TResult>.GetResult(Int16 token)
   at System.Net.Http.HttpConnection.SendAsync(HttpRequestMessage request, Boolean async, CancellationToken cancellationToken)
   --- End of inner exception stack trace ---
   at System.Net.Http.HttpConnection.SendAsync(HttpRequestMessage request, Boolean async, CancellationToken cancellationToken)
   at System.Net.Http.AuthenticationHelper.SendWithNtAuthAsync(HttpRequestMessage request, Uri authUri, Boolean async, ICredentials credentials, Boolean isProxyAuth, HttpConnection connection, HttpConnectionPool connectionPool, CancellationToken cancellationToken)
   at System.Net.Http.HttpConnectionPool.SendWithVersionDetectionAndRetryAsync(HttpRequestMessage request, Boolean async, Boolean doRequestAuth, CancellationToken cancellationToken)
   at System.Net.Http.AuthenticationHelper.SendWithAuthAsync(HttpRequestMessage request, Uri authUri, Boolean async, ICredentials credentials, Boolean preAuthenticate, Boolean isProxyAuth, Boolean doRequestAuth, HttpConnectionPool pool, CancellationToken cancellationToken)
   at System.Net.Http.RedirectHandler.SendAsync(HttpRequestMessage request, Boolean async, CancellationToken cancellationToken)
   at GitHub.Services.Common.RawHttpMessageHandler.SendAsync(HttpRequestMessage request, CancellationToken cancellationToken)
   at GitHub.Services.Common.VssHttpRetryMessageHandler.SendAsync(HttpRequestMessage request, CancellationToken cancellationToken)
   at System.Net.Http.HttpClient.<SendAsync>g__Core|83_0(HttpRequestMessage request, HttpCompletionOption completionOption, CancellationTokenSource cts, Boolean disposeCts, CancellationTokenSource pendingRequestsCts, CancellationToken originalCancellationToken)
[2025-06-11 22:34:18Z ERR  BrokerServer] #####################################################
[2025-06-11 22:34:18Z ERR  BrokerServer] System.IO.IOException: The read operation failed, see inner exception.
 ---> System.ObjectDisposedException: Cannot access a disposed object.
Object name: 'System.Net.Sockets.NetworkStream'.
   at System.Net.Sockets.NetworkStream.ReadAsync(Memory`1 buffer, CancellationToken cancellationToken)
   at System.Net.Security.SslStream.EnsureFullTlsFrameAsync[TIOAdapter](CancellationToken cancellationToken, Int32 estimatedSize)
   at System.Runtime.CompilerServices.PoolingAsyncValueTaskMethodBuilder`1.StateMachineBox`1.System.Threading.Tasks.Sources.IValueTaskSource<TResult>.GetResult(Int16 token)
   at System.Net.Security.SslStream.ReadAsyncInternal[TIOAdapter](Memory`1 buffer, CancellationToken cancellationToken)
   --- End of inner exception stack trace ---
   at System.Net.Security.SslStream.ReadAsyncInternal[TIOAdapter](Memory`1 buffer, CancellationToken cancellationToken)
   at System.Runtime.CompilerServices.PoolingAsyncValueTaskMethodBuilder`1.StateMachineBox`1.System.Threading.Tasks.Sources.IValueTaskSource<TResult>.GetResult(Int16 token)
   at System.Net.Http.HttpConnection.SendAsync(HttpRequestMessage request, Boolean async, CancellationToken cancellationToken)
[2025-06-11 22:34:18Z ERR  BrokerServer] #####################################################
[2025-06-11 22:34:18Z ERR  BrokerServer] System.ObjectDisposedException: Cannot access a disposed object.
Object name: 'System.Net.Sockets.NetworkStream'.
   at System.Net.Sockets.NetworkStream.ReadAsync(Memory`1 buffer, CancellationToken cancellationToken)
   at System.Net.Security.SslStream.EnsureFullTlsFrameAsync[TIOAdapter](CancellationToken cancellationToken, Int32 estimatedSize)
   at System.Runtime.CompilerServices.PoolingAsyncValueTaskMethodBuilder`1.StateMachineBox`1.System.Threading.Tasks.Sources.IValueTaskSource<TResult>.GetResult(Int16 token)
   at System.Net.Security.SslStream.ReadAsyncInternal[TIOAdapter](Memory`1 buffer, CancellationToken cancellationToken)
[2025-06-11 22:34:18Z WARN BrokerServer] Back off 14.436 seconds before next retry. 4 attempt left.
[2025-06-11 22:34:18Z INFO BrokerMessageListener] Get next message has been cancelled.
[2025-06-11 22:34:18Z INFO JobDispatcher] Shutting down JobDispatcher. Make sure all WorkerDispatcher has finished.
[2025-06-11 22:34:18Z INFO JobDispatcher] Ensure WorkerDispatcher for job 82ffb3f3-5b04-52c2-81f7-eee4c037349c run to finish, cancel any running job.
[2025-06-11 22:34:18Z INFO JobDispatcher] Job request 82ffb3f3-5b04-52c2-81f7-eee4c037349c processed succeed.
[2025-06-11 22:34:18Z INFO Runner] Deleting Runner Session...
[2025-06-11 22:34:19Z INFO Listener] Runner execution been cancelled.
